CLIENT_RANDOM 6c09ef2a98bbd929c9ec0f05da45a7d31591c970cc2212f91240156cd5c2e544 5b2056a614ede3d5c13bd0076c52cb0823654b42d792162c4d6a240de3861bd0b9def37dd4a56359b45da1f260924c0e
RSA 49277e3aaec41213 03033191a19952367075530d31930353101b93dd80e12ced620f8bcca6823a5fc34abae2e1ffb5217f80bbd60c4119c6
CLIENT_RANDOM 82f2ab96c4f2b78f346a2eae6f0496fadacb695e820ade3650efbce9edfdbab5 949df4987e069bf4fdf07a3b6a2bacf85c7813114900470b19a5e3e2f3972c86fe41bdfd803b7bef7bc7aa820d914dd5
CLIENT_RANDOM 82f2ab96c4f2b78f346a2eae6f0496fadacb695e820ade3650efbce9edfdbab5 949df4987e069bf4fdf07a3b6a2bacf85c7813114900470b19a5e3e2f3972c86fe41bdfd803b7bef7bc7aa820d914dd5
RSA 6c4c0a72a41995e9 03035d3f103d9130115d6ccd2fe47d0a136e3e7c703cdcba715d265c3e972c9374045f5348562946dd6741ebd5994158
CLIENT_RANDOM 97ff2009af38ccd919c15affaab685750f310cccc733d99722ee18352df9bd23 48ad565da5e0346832a7ebc8d2f829f071e76056a8d7cd599c1c6a4cef199749d4c3f65e9d15f4353114a788f9605901
CLIENT_RANDOM 97ff2009af38ccd919c15affaab685750f310cccc733d99722ee18352df9bd23 48ad565da5e0346832a7ebc8d2f829f071e76056a8d7cd599c1c6a4cef199749d4c3f65e9d15f4353114a788f9605901
RSA 1e01bd614c7b2092 0303a68c8180a83302d307dc408d22c696b51a89d74fe796d290035a2bb3ad3221c1f14e3431db2ca384faf5102a62b1
CLIENT_RANDOM 010606f501f97ae9e8ffee68b95b00b98d05862faa06e7ffc349e0df6ceb5eb5 a286ef26f6742099d41b5c4822398b85698b25147ac46c832c2d1d6d456e46b5847683abc29697e0f07e4f71237a269d
CLIENT_RANDOM 010606f501f97ae9e8ffee68b95b00b98d05862faa06e7ffc349e0df6ceb5eb5 a286ef26f6742099d41b5c4822398b85698b25147ac46c832c2d1d6d456e46b5847683abc29697e0f07e4f71237a269d
CLIENT_RANDOM 6985d0b1bfe3fdf0b9dea74a1635bd1fd9783e710e54f2aacd5cb461c59a104c b2ebb498678e005d57eb43d06d1d582161e0c13e4be53214fdc284a43513f33c16082af263caf3c5e43f42eaf85b237a
CLIENT_RANDOM 6985d0b1bfe3fdf0b9dea74a1635bd1fd9783e710e54f2aacd5cb461c59a104c b2ebb498678e005d57eb43d06d1d582161e0c13e4be53214fdc284a43513f33c16082af263caf3c5e43f42eaf85b237a
CLIENT_RANDOM 9d0ae149fb582b495e15682fdf2ff83d1eaf8b093e4d90bc7bc543580f6ad142 f5ca6c5ef7c816a3edc754318e03d050ece5e0b0a4835d3be9e6472f3e590b0013cd45898cb057ecfc0a0bfc12496ba2
CLIENT_RANDOM 9d0ae149fb582b495e15682fdf2ff83d1eaf8b093e4d90bc7bc543580f6ad142 f5ca6c5ef7c816a3edc754318e03d050ece5e0b0a4835d3be9e6472f3e590b0013cd45898cb057ecfc0a0bfc12496ba2
CLIENT_RANDOM f6c2cb0253e2221313b10f6e4b1db4b3337e615028fae45abaa85e0a4afbef6e a2e9c4216ed27d953e5a9379fb079f7cabaa8bb9599335a9d283ce304e4279ab1e23677954d294357e00cca24920961a
CLIENT_RANDOM f6c2cb0253e2221313b10f6e4b1db4b3337e615028fae45abaa85e0a4afbef6e a2e9c4216ed27d953e5a9379fb079f7cabaa8bb9599335a9d283ce304e4279ab1e23677954d294357e00cca24920961a
SERVER_HANDSHAKE_TRAFFIC_SECRET 8f2665c3d834ca61e6b291b456e87de553741ee205414e1168dd4abc6851e479 10c297dcc0e46e491408588e0590b0e56819601037e9073341a2fd3175205bb49fffd6955438cb9db226c2a74e270e10
CLIENT_HANDSHAKE_TRAFFIC_SECRET 8f2665c3d834ca61e6b291b456e87de553741ee205414e1168dd4abc6851e479 12aea101e1a7377cdb91a07666e2c27711ff89990683dd6bce39e9e38ddef5d4998828c5edade3e03709c4dac5787971
EXPORTER_SECRET 8f2665c3d834ca61e6b291b456e87de553741ee205414e1168dd4abc6851e479 354e6aa7e20195008ba3d9fa5a3df36690016ebf24d09bd299d9de9626fe9940276b6e741b1a7f58586f60f7a9359a9c
SERVER_TRAFFIC_SECRET_0 8f2665c3d834ca61e6b291b456e87de553741ee205414e1168dd4abc6851e479 54f0f69ba56b4b8171cde9019aaaec00e1bd29cac523d511ca06efd7959fd502d13c0f15dcaf41e350668fdd3b14b7f1
SERVER_HANDSHAKE_TRAFFIC_SECRET 8f2665c3d834ca61e6b291b456e87de553741ee205414e1168dd4abc6851e479 10c297dcc0e46e491408588e0590b0e56819601037e9073341a2fd3175205bb49fffd6955438cb9db226c2a74e270e10
EXPORTER_SECRET 8f2665c3d834ca61e6b291b456e87de553741ee205414e1168dd4abc6851e479 354e6aa7e20195008ba3d9fa5a3df36690016ebf24d09bd299d9de9626fe9940276b6e741b1a7f58586f60f7a9359a9c
SERVER_TRAFFIC_SECRET_0 8f2665c3d834ca61e6b291b456e87de553741ee205414e1168dd4abc6851e479 54f0f69ba56b4b8171cde9019aaaec00e1bd29cac523d511ca06efd7959fd502d13c0f15dcaf41e350668fdd3b14b7f1
CLIENT_HANDSHAKE_TRAFFIC_SECRET 8f2665c3d834ca61e6b291b456e87de553741ee205414e1168dd4abc6851e479 12aea101e1a7377cdb91a07666e2c27711ff89990683dd6bce39e9e38ddef5d4998828c5edade3e03709c4dac5787971
CLIENT_TRAFFIC_SECRET_0 8f2665c3d834ca61e6b291b456e87de553741ee205414e1168dd4abc6851e479 d922d13732f30b26f689a8e831f7c879aab88f000752b3ed430a9e8c541f2220525241cabe6ab7ae88040d0731e46625
CLIENT_TRAFFIC_SECRET_0 8f2665c3d834ca61e6b291b456e87de553741ee205414e1168dd4abc6851e479 d922d13732f30b26f689a8e831f7c879aab88f000752b3ed430a9e8c541f2220525241cabe6ab7ae88040d0731e46625
SERVER_HANDSHAKE_TRAFFIC_SECRET 1d01f47a7114a8e7a94d40fd0b0b48ac633feacec823518f9e0aab3a9383e990 0b6ac636b511c4bab37517c37dba219701fb1d9d860296ec512edbe9d027d62238b058b15fa1ddd0680e2fa21c8bd364
CLIENT_HANDSHAKE_TRAFFIC_SECRET 1d01f47a7114a8e7a94d40fd0b0b48ac633feacec823518f9e0aab3a9383e990 8b29701eac38d513ec698bf96e8661cd5392b2f017c37cfe5f84ce25f54f34be33d6bc4a641ff4bff7b8fc6b32224dad
EXPORTER_SECRET 1d01f47a7114a8e7a94d40fd0b0b48ac633feacec823518f9e0aab3a9383e990 b9de2ca41bb80e08f99504f348882f1c6ba42d08246820ce01317a487918fa793c46eed523839da020b70469b41dd287
SERVER_TRAFFIC_SECRET_0 1d01f47a7114a8e7a94d40fd0b0b48ac633feacec823518f9e0aab3a9383e990 ac110be460c2200462b7ec741a2366a7140144caa61b00906612b0c9ddef91a9b36a7f8614168e60757b0174156b657c
SERVER_HANDSHAKE_TRAFFIC_SECRET 1d01f47a7114a8e7a94d40fd0b0b48ac633feacec823518f9e0aab3a9383e990 0b6ac636b511c4bab37517c37dba219701fb1d9d860296ec512edbe9d027d62238b058b15fa1ddd0680e2fa21c8bd364
EXPORTER_SECRET 1d01f47a7114a8e7a94d40fd0b0b48ac633feacec823518f9e0aab3a9383e990 b9de2ca41bb80e08f99504f348882f1c6ba42d08246820ce01317a487918fa793c46eed523839da020b70469b41dd287
SERVER_TRAFFIC_SECRET_0 1d01f47a7114a8e7a94d40fd0b0b48ac633feacec823518f9e0aab3a9383e990 ac110be460c2200462b7ec741a2366a7140144caa61b00906612b0c9ddef91a9b36a7f8614168e60757b0174156b657c
CLIENT_HANDSHAKE_TRAFFIC_SECRET 1d01f47a7114a8e7a94d40fd0b0b48ac633feacec823518f9e0aab3a9383e990 8b29701eac38d513ec698bf96e8661cd5392b2f017c37cfe5f84ce25f54f34be33d6bc4a641ff4bff7b8fc6b32224dad
CLIENT_TRAFFIC_SECRET_0 1d01f47a7114a8e7a94d40fd0b0b48ac633feacec823518f9e0aab3a9383e990 5c3671e38618a7e6d331dd72580bfa2df7571a27b05c6fa5deb94878297b503086bab7ddd0644e1864d4f580d82f1fd3
CLIENT_TRAFFIC_SECRET_0 1d01f47a7114a8e7a94d40fd0b0b48ac633feacec823518f9e0aab3a9383e990 5c3671e38618a7e6d331dd72580bfa2df7571a27b05c6fa5deb94878297b503086bab7ddd0644e1864d4f580d82f1fd3
SERVER_HANDSHAKE_TRAFFIC_SECRET 7ca82f37a1cc15ea7a72de2f79881cbea35cda140e8d6d93c4cf96e0ea60b5f0 1e98b65b10187218e3d3a226abd70e1230eb5ce87155db8aa64cfd787ae89ad738ba370287402d05a1049a59c3f8286b
CLIENT_HANDSHAKE_TRAFFIC_SECRET 7ca82f37a1cc15ea7a72de2f79881cbea35cda140e8d6d93c4cf96e0ea60b5f0 fb959fd0f6b4ebbec82a9284ddc20eea572abfc2d22dcc4beedeba567c72ec0f3299e94f676ed3ce9768ae4420037931
EXPORTER_SECRET 7ca82f37a1cc15ea7a72de2f79881cbea35cda140e8d6d93c4cf96e0ea60b5f0 de882e5e5a7ec013a4751465092336285c0f31fd2aeb8b801df17112225c7dac8e3356c215454eebc1e4e67983399107
SERVER_TRAFFIC_SECRET_0 7ca82f37a1cc15ea7a72de2f79881cbea35cda140e8d6d93c4cf96e0ea60b5f0 6cfa049748a87a15f67ec95d3f59f99a96a2fa442642c2704955ea9ad48a85ed595c7560fdb8fe76a2e226f42c4a4dec
SERVER_HANDSHAKE_TRAFFIC_SECRET 7ca82f37a1cc15ea7a72de2f79881cbea35cda140e8d6d93c4cf96e0ea60b5f0 1e98b65b10187218e3d3a226abd70e1230eb5ce87155db8aa64cfd787ae89ad738ba370287402d05a1049a59c3f8286b
EXPORTER_SECRET 7ca82f37a1cc15ea7a72de2f79881cbea35cda140e8d6d93c4cf96e0ea60b5f0 de882e5e5a7ec013a4751465092336285c0f31fd2aeb8b801df17112225c7dac8e3356c215454eebc1e4e67983399107
SERVER_TRAFFIC_SECRET_0 7ca82f37a1cc15ea7a72de2f79881cbea35cda140e8d6d93c4cf96e0ea60b5f0 6cfa049748a87a15f67ec95d3f59f99a96a2fa442642c2704955ea9ad48a85ed595c7560fdb8fe76a2e226f42c4a4dec
CLIENT_HANDSHAKE_TRAFFIC_SECRET 7ca82f37a1cc15ea7a72de2f79881cbea35cda140e8d6d93c4cf96e0ea60b5f0 fb959fd0f6b4ebbec82a9284ddc20eea572abfc2d22dcc4beedeba567c72ec0f3299e94f676ed3ce9768ae4420037931
CLIENT_TRAFFIC_SECRET_0 7ca82f37a1cc15ea7a72de2f79881cbea35cda140e8d6d93c4cf96e0ea60b5f0 057c4a6ab033b1462c6f0fb7fdce998d81b70b253d7f3195a6199bca8ea93e444dec44f41d8469bd0955636911a2fd20
CLIENT_TRAFFIC_SECRET_0 7ca82f37a1cc15ea7a72de2f79881cbea35cda140e8d6d93c4cf96e0ea60b5f0 057c4a6ab033b1462c6f0fb7fdce998d81b70b253d7f3195a6199bca8ea93e444dec44f41d8469bd0955636911a2fd20
CLIENT_HANDSHAKE_TRAFFIC_SECRET aaef03df60df1f95d8151ee9abf5d06ea9895d01a9cf591e88b29a87ae449c28 699abfcb0c279a0cb773b9c9674689a14c93963edd53874ae9f637f9a1fa8ac5
SERVER_HANDSHAKE_TRAFFIC_SECRET aaef03df60df1f95d8151ee9abf5d06ea9895d01a9cf591e88b29a87ae449c28 848ac7de3e30e1f1b4379bac5edc4ee68ae5ae37c9bea606969a784e6389cbe2
CLIENT_HANDSHAKE_TRAFFIC_SECRET 32c15b6fd230145d4f7e49e99081fa23824481f5e60f420a7ac756c7925a78b6 0038a31368835e68e0ee4447a0bab197985942e5bc6fba4f59d7372815618392
SERVER_HANDSHAKE_TRAFFIC_SECRET 32c15b6fd230145d4f7e49e99081fa23824481f5e60f420a7ac756c7925a78b6 1396e2c4dd8aa37ff4714060d7a01111715b307670791b5e2c3458d817a8142e
CLIENT_TRAFFIC_SECRET_0 aaef03df60df1f95d8151ee9abf5d06ea9895d01a9cf591e88b29a87ae449c28 159d08fe354fad4aa288c7d4c8a2947bf9d4143eded903d6d79ac3e570328ca4
SERVER_TRAFFIC_SECRET_0 aaef03df60df1f95d8151ee9abf5d06ea9895d01a9cf591e88b29a87ae449c28 f471a8808be939f1510deed752672a0907e19343b01e71de1c0ec8abb5a311fe
EXPORTER_SECRET aaef03df60df1f95d8151ee9abf5d06ea9895d01a9cf591e88b29a87ae449c28 019e81d864f43ba42eb3317400b3f0fbffe0f3979483c934d72d226969de8789
CLIENT_HANDSHAKE_TRAFFIC_SECRET f1e8e5ad4439990730c45dd087dd11bc393808397ddfad1c853bbe3684815c94 18df6b0da0c3ffd2e23c5606bfdcde9d47e5ee5790890d731f96fac8a9e3bda7
SERVER_HANDSHAKE_TRAFFIC_SECRET f1e8e5ad4439990730c45dd087dd11bc393808397ddfad1c853bbe3684815c94 fb0fd9249f6644f16b049147078226e0354222f4ff39b6ed9ca97eb30a3a10c2
CLIENT_TRAFFIC_SECRET_0 f1e8e5ad4439990730c45dd087dd11bc393808397ddfad1c853bbe3684815c94 95b2ace32450459b4c6c3ec180ab4e36838c9d62b8a7c5990021817de81426fd
SERVER_TRAFFIC_SECRET_0 f1e8e5ad4439990730c45dd087dd11bc393808397ddfad1c853bbe3684815c94 9281377144d9a16563997b7d55d7840d5c67fbd1ab67f2eefc4b05aef6354035
EXPORTER_SECRET f1e8e5ad4439990730c45dd087dd11bc393808397ddfad1c853bbe3684815c94 e8132ebce349d3dc88f45fee56145c2127303efd43b8b176267b4e50858aedf5
CLIENT_TRAFFIC_SECRET_0 32c15b6fd230145d4f7e49e99081fa23824481f5e60f420a7ac756c7925a78b6 38f12596dced39534805d6b8af6a55b0145a503a43ced4b3011f7706fed9320b
SERVER_TRAFFIC_SECRET_0 32c15b6fd230145d4f7e49e99081fa23824481f5e60f420a7ac756c7925a78b6 47a25ef6803385b65982361bf03b4ffc57a3bd782672e3525467a039cdc69931
EXPORTER_SECRET 32c15b6fd230145d4f7e49e99081fa23824481f5e60f420a7ac756c7925a78b6 e09cebb5c0c8a943f578d3f8337f663c0a36a8091ed90f2e133c8335bc92d49e
CLIENT_HANDSHAKE_TRAFFIC_SECRET 5f837678b2f66e9b48acfc0686a2c252f20e688f71fca8159c4b7f787c5c6310 95ab15237e3bdfc98e40f09544774d43b5f70c2e20cc9624a2f7c0149c8b49ab
SERVER_HANDSHAKE_TRAFFIC_SECRET 5f837678b2f66e9b48acfc0686a2c252f20e688f71fca8159c4b7f787c5c6310 504b202f178d11fd873f560b35a55b9eccd726eb6906e51dfd967e09aa6acaf8
CLIENT_TRAFFIC_SECRET_0 5f837678b2f66e9b48acfc0686a2c252f20e688f71fca8159c4b7f787c5c6310 d385d52946667189b009911c458a527d77b9193b9d0b9c62ab1e3e6cb293f417
SERVER_TRAFFIC_SECRET_0 5f837678b2f66e9b48acfc0686a2c252f20e688f71fca8159c4b7f787c5c6310 05f9312aa5a991a1ea2a364664fad5767578583d390fe219f997ba68860d4fc7
EXPORTER_SECRET 5f837678b2f66e9b48acfc0686a2c252f20e688f71fca8159c4b7f787c5c6310 9253b635ec75564f915e6ecbf9526e82366a0b8bd612b27726e2da187a06b4a1
CLIENT_HANDSHAKE_TRAFFIC_SECRET 90adc3d78dbdd7be83f1167ccf395e261e287f3a00de44a4b1d14b0851307f6b 0ccc1b2f126cc72311d849e4600fb4878cd6881727c7c7616b3b604ff86713f1
SERVER_HANDSHAKE_TRAFFIC_SECRET 90adc3d78dbdd7be83f1167ccf395e261e287f3a00de44a4b1d14b0851307f6b 7fdfc530f0bdace50964dff5ca0e9f8f4e421f6d7889041162beca8c3ebf66cd
CLIENT_TRAFFIC_SECRET_0 90adc3d78dbdd7be83f1167ccf395e261e287f3a00de44a4b1d14b0851307f6b 35184b7e730bfdac2757952f5d31003d724caf14198c33ab82668ddb5a5f0855
SERVER_TRAFFIC_SECRET_0 90adc3d78dbdd7be83f1167ccf395e261e287f3a00de44a4b1d14b0851307f6b 165a1a7632837eb63a50d7d1399c13738892d3ce249b6f6204c95705593a652d
EXPORTER_SECRET 90adc3d78dbdd7be83f1167ccf395e261e287f3a00de44a4b1d14b0851307f6b 1bf778fe7b2b37a3b8dea244ec5c9aa6f11da73cd67973a5ee8635e9aa1f3949
CLIENT_HANDSHAKE_TRAFFIC_SECRET 457e6117b03f80a096153915f7f0a8395832267c0303ea49a80e4c30d228f9f1 2cd051a37d3bccb2f8af65a62b0ff5bf128ce07afb4e5193da569a4ccb9ecc6b
SERVER_HANDSHAKE_TRAFFIC_SECRET 457e6117b03f80a096153915f7f0a8395832267c0303ea49a80e4c30d228f9f1 f512be489c7b56a8538d9fd00aa6a95046f7215d32e17b32b2fef1ba9512e87a
CLIENT_TRAFFIC_SECRET_0 457e6117b03f80a096153915f7f0a8395832267c0303ea49a80e4c30d228f9f1 b348cfb53def143e9bb826ca3bd1419f091d79b27b7bb81e93d6ff735d524f51
SERVER_TRAFFIC_SECRET_0 457e6117b03f80a096153915f7f0a8395832267c0303ea49a80e4c30d228f9f1 3559d10a17f06a42a5e457aaedf9d99c6e7d326cec4d0b9eef975449dbc52486
EXPORTER_SECRET 457e6117b03f80a096153915f7f0a8395832267c0303ea49a80e4c30d228f9f1 f964ec8e7e0214f65b4e52c73a524444b999bbaec7b9017b90418fce50627e3a
CLIENT_HANDSHAKE_TRAFFIC_SECRET 969813d0ad778cf63d9ed05e8eed6a93236b38e4f895c84e6cfd79cce58ec9ca f065129775a9eeb1381a2fb55f2d43d6632fb69aebab0cf0c5e8dc13a46b7dd3
SERVER_HANDSHAKE_TRAFFIC_SECRET 969813d0ad778cf63d9ed05e8eed6a93236b38e4f895c84e6cfd79cce58ec9ca 15cbda138cbb679ff6b5fbf4051cf8d0d2802fc9d46dcbccc8e5dea1801ba789
CLIENT_TRAFFIC_SECRET_0 969813d0ad778cf63d9ed05e8eed6a93236b38e4f895c84e6cfd79cce58ec9ca 44a4f2403ff539ecbe7b0f870208d10da90823e8693e6b225e14ec27e5af5258
SERVER_TRAFFIC_SECRET_0 969813d0ad778cf63d9ed05e8eed6a93236b38e4f895c84e6cfd79cce58ec9ca 43dab880f5f6d492a9936b8bf9f96f0c99f3a38cf87ad77b71cb0a32e10621ea
EXPORTER_SECRET 969813d0ad778cf63d9ed05e8eed6a93236b38e4f895c84e6cfd79cce58ec9ca 2d3b84cc26f09b4c4bc2873b8efe76d03b5d7ff1de1bef103a418d35cf200744
CLIENT_HANDSHAKE_TRAFFIC_SECRET d5097a6b985c4187d189cc3697301e77869be987dcd2eaec34b9bfd90b54c30e 228a5ea2eb304adf31694bbcc1de9aa0d574de6eac85b9d395ae13654db5b436
SERVER_HANDSHAKE_TRAFFIC_SECRET d5097a6b985c4187d189cc3697301e77869be987dcd2eaec34b9bfd90b54c30e f5fc9bb1ab2d6b73dce721d074beef1694d866bf244109fbd7029da4f542dbad
CLIENT_TRAFFIC_SECRET_0 d5097a6b985c4187d189cc3697301e77869be987dcd2eaec34b9bfd90b54c30e f91493e24d5576b50b6abd29e97b753ee06f693598bbc9736ff1a1a448e37f22
SERVER_TRAFFIC_SECRET_0 d5097a6b985c4187d189cc3697301e77869be987dcd2eaec34b9bfd90b54c30e 3534eb171a186037f2ef223c9235b44dc5322c235d8505863c7d37653b95d74a
EXPORTER_SECRET d5097a6b985c4187d189cc3697301e77869be987dcd2eaec34b9bfd90b54c30e f70fe3cb62f0f91b256a8c6d67cf2bf120cd3735c47d4a34fd9d582735dd4d24
CLIENT_HANDSHAKE_TRAFFIC_SECRET 1814be500001a79af548110d84fce0dd29d8a6c4d716281b3daf7a09880892c6 0e9078e18f35c18cacfd999c000124ab52e559da2340fd2da8f89fd44e21b5ec
SERVER_HANDSHAKE_TRAFFIC_SECRET 1814be500001a79af548110d84fce0dd29d8a6c4d716281b3daf7a09880892c6 8532dd1826a29d0ef3b5f65bcca9111102f78f5d867d503545732116166d7043
CLIENT_TRAFFIC_SECRET_0 1814be500001a79af548110d84fce0dd29d8a6c4d716281b3daf7a09880892c6 acdaed8ce4db659d95eb3208ebd07b95b45b88eddad97e4028cc7e7a81af3d78
SERVER_TRAFFIC_SECRET_0 1814be500001a79af548110d84fce0dd29d8a6c4d716281b3daf7a09880892c6 0294c9bbe549174c1c72493d7d9877f3668e6b09c69af7c6c0b9472d8708c56a
EXPORTER_SECRET 1814be500001a79af548110d84fce0dd29d8a6c4d716281b3daf7a09880892c6 d728a97df5ec989f72ff4265f88d3a31f54a7ab630e21943eee1e2d728362d3e
CLIENT_HANDSHAKE_TRAFFIC_SECRET f9d8a0189e1351d8dabc15f879b1fe0cbf8ead96b2bb0e34026947133dadcfb9 f7337e8493e2d5e0a5c624f296a30da2a6d6fc8657f431e9498f0ab73e8bb64d
SERVER_HANDSHAKE_TRAFFIC_SECRET f9d8a0189e1351d8dabc15f879b1fe0cbf8ead96b2bb0e34026947133dadcfb9 3267fd2a116c0217ac434fdfa63509a124bc924884747bd83462136e7aacebbb
CLIENT_TRAFFIC_SECRET_0 f9d8a0189e1351d8dabc15f879b1fe0cbf8ead96b2bb0e34026947133dadcfb9 6362f79387dd6c83280f61bc0cf88a7a066fe4808db53578f46360ebbdd020ee
SERVER_TRAFFIC_SECRET_0 f9d8a0189e1351d8dabc15f879b1fe0cbf8ead96b2bb0e34026947133dadcfb9 9ff61a1b59507600617aa21e1cbccb0e02bb3e45c656e182a52315dd4ca73a92
EXPORTER_SECRET f9d8a0189e1351d8dabc15f879b1fe0cbf8ead96b2bb0e34026947133dadcfb9 f8e65200da5061ea56bb70e0795af9ffc7a3bf9dcf289575b91aca49cec61b7b
CLIENT_HANDSHAKE_TRAFFIC_SECRET 1cdc03d0cfe2dcb08f28f9826e66d73bd581843c857e8ed89f986e28de0a57fb 72d1a9d96a610888d778e00f7e727eaf3f43bdcd3ae699893e5b6a4a89492277
SERVER_HANDSHAKE_TRAFFIC_SECRET 1cdc03d0cfe2dcb08f28f9826e66d73bd581843c857e8ed89f986e28de0a57fb 6e8ce4cfe23d909b8eb54f97a65cc850ea1f02dee00abf999ce7894dbc7bc59c
CLIENT_TRAFFIC_SECRET_0 1cdc03d0cfe2dcb08f28f9826e66d73bd581843c857e8ed89f986e28de0a57fb 4eca64f366b5ad677f09ac2be8608b11826e4f3c815f6ff6d55fd86753551823
SERVER_TRAFFIC_SECRET_0 1cdc03d0cfe2dcb08f28f9826e66d73bd581843c857e8ed89f986e28de0a57fb de90f5870ce00c0eec212c055774d150ae8c542f8571f65e08e36dc4eaa72650
EXPORTER_SECRET 1cdc03d0cfe2dcb08f28f9826e66d73bd581843c857e8ed89f986e28de0a57fb 46aa95f0058872b712813e84f893dd5f411717617ae1cb133119cb0b136777ae
CLIENT_HANDSHAKE_TRAFFIC_SECRET 9672e7879d76acbb2edf06f0a9f1b2d8bd9d1604ae703e043d72d68cf2f2bc2a be392df167905e5fe87ff84d2591f2c3998508c37bc55770a51d94394813c4b7
SERVER_HANDSHAKE_TRAFFIC_SECRET 9672e7879d76acbb2edf06f0a9f1b2d8bd9d1604ae703e043d72d68cf2f2bc2a 7d53737356e2525a90371c461e78443feb210a7ea604822bd7aeff4fad846822
CLIENT_TRAFFIC_SECRET_0 9672e7879d76acbb2edf06f0a9f1b2d8bd9d1604ae703e043d72d68cf2f2bc2a a0df65bdc7943e525a5cc6b7aff0ba1bdec8061cc713ba3ce593ce9385e15b46
SERVER_TRAFFIC_SECRET_0 9672e7879d76acbb2edf06f0a9f1b2d8bd9d1604ae703e043d72d68cf2f2bc2a 56cc6c233d595cf3956fae2a88bd9252f58c7bd5938f2f85c79edd6cfd4efa64
EXPORTER_SECRET 9672e7879d76acbb2edf06f0a9f1b2d8bd9d1604ae703e043d72d68cf2f2bc2a 3035856e2da780a72f79251a85facbdade74e3439ea0fd4e24b55728372d9e28
CLIENT_HANDSHAKE_TRAFFIC_SECRET 295e031d9d64439d1b4fb06a568a4fc0fe16a928661251102e86d16d465ce154 b3c60c8e0dc942ed4eaef249ac271e506fcf11cb886e024c9f9daf2c773a8d0a
SERVER_HANDSHAKE_TRAFFIC_SECRET 295e031d9d64439d1b4fb06a568a4fc0fe16a928661251102e86d16d465ce154 ab853a308e44de28ff5f77c90f2818f2e531a827f2a0d0dfebd7e1dbaa229be8
CLIENT_TRAFFIC_SECRET_0 295e031d9d64439d1b4fb06a568a4fc0fe16a928661251102e86d16d465ce154 755ee28ff2a698aa3dc8a6434f630a653eaac47472756eceb23ab8ee6409f724
SERVER_TRAFFIC_SECRET_0 295e031d9d64439d1b4fb06a568a4fc0fe16a928661251102e86d16d465ce154 6f2691d2b68063168463dde53e8f8afbd87093013e0c928fe1ae631cc3a2fda1
EXPORTER_SECRET 295e031d9d64439d1b4fb06a568a4fc0fe16a928661251102e86d16d465ce154 72bb5b4913237dc33aa40b5b6c226545e80380277c7bb2fe8154f199ebf89e70
CLIENT_HANDSHAKE_TRAFFIC_SECRET 75a837b83ebf2e65d666ecb0541f45ea86a828431ca61d576ab2d3b0b3acbea5 6176a93fe1b6770fb998163ba348bc9f8eb2c788e7f8fb7287ef25f6aa62e600
SERVER_HANDSHAKE_TRAFFIC_SECRET 75a837b83ebf2e65d666ecb0541f45ea86a828431ca61d576ab2d3b0b3acbea5 108d828ac5b6ae3e226626552b55ac25fcffc67bbf6ccf7e50691061cbbbeef8
CLIENT_TRAFFIC_SECRET_0 75a837b83ebf2e65d666ecb0541f45ea86a828431ca61d576ab2d3b0b3acbea5 49398d1e43a39410d353d647e30662883566f711d5c9fb0985e4b2fe91fd030e
SERVER_TRAFFIC_SECRET_0 75a837b83ebf2e65d666ecb0541f45ea86a828431ca61d576ab2d3b0b3acbea5 c50eef156cb75b4eff431e3d61e30a43a5d701959cc9b5274133eef00863113d
EXPORTER_SECRET 75a837b83ebf2e65d666ecb0541f45ea86a828431ca61d576ab2d3b0b3acbea5 e6d1b88c0b46553af5c22096d3efe60bf5dc23ba244156cdf572637a15bd617b
CLIENT_HANDSHAKE_TRAFFIC_SECRET 62b348d03e655d6b9f1de198708bc3a297d690e59b5cc0766340bb18aac1a178 a12a35fae60e76f99bccfcf6c7e9560407e4b9fdf7aed2b9341ef8dc535d6191
SERVER_HANDSHAKE_TRAFFIC_SECRET 62b348d03e655d6b9f1de198708bc3a297d690e59b5cc0766340bb18aac1a178 6082e9c4bf5ef9675c2aa199efa359a0154163b5b1ed4e3898039e156a0e7789
CLIENT_TRAFFIC_SECRET_0 62b348d03e655d6b9f1de198708bc3a297d690e59b5cc0766340bb18aac1a178 9c24208ef642339fad8656a0be03a9e276fba2a69337df4f0d08e0b011e548de
SERVER_TRAFFIC_SECRET_0 62b348d03e655d6b9f1de198708bc3a297d690e59b5cc0766340bb18aac1a178 31c514e7fa47fda6f84488edad363629fc13aaefba4d24c8a2f89e2f9a5bfece
EXPORTER_SECRET 62b348d03e655d6b9f1de198708bc3a297d690e59b5cc0766340bb18aac1a178 baec77e7a9f75a186cfc7e76c2c62ad4e59e192f74cbba07d3a1e8817293b6b0
CLIENT_EARLY_TRAFFIC_SECRET e741a1cb2645ff27e66eb662a45490816c76e37db0b28679b791e33bddbf320c 62aa3d37a26a2c2ffeb070f25251a9f133310f75331143f028e8f5b92c09237c
CLIENT_HANDSHAKE_TRAFFIC_SECRET e741a1cb2645ff27e66eb662a45490816c76e37db0b28679b791e33bddbf320c 5803440b43356fbac17ecd57e43d64064c98089507e3df9cb84af5450be8e9cf
SERVER_HANDSHAKE_TRAFFIC_SECRET e741a1cb2645ff27e66eb662a45490816c76e37db0b28679b791e33bddbf320c 81c4fc01bd3d088aa24a6125897234cc3a46c7e93fd229ac0a87cce6616acca8
CLIENT_TRAFFIC_SECRET_0 e741a1cb2645ff27e66eb662a45490816c76e37db0b28679b791e33bddbf320c fe1431c4b0f665ec976425dd34157832369f28bb22f187aa3d2758c109606c09
SERVER_TRAFFIC_SECRET_0 e741a1cb2645ff27e66eb662a45490816c76e37db0b28679b791e33bddbf320c d6354e96ede297324a7cfa9ce69a3ad79c424158e53b47fa4da87d94cc07cac4
EXPORTER_SECRET e741a1cb2645ff27e66eb662a45490816c76e37db0b28679b791e33bddbf320c e39c7de98b89af71bdeb92dadc609d0b8c29ebc442dfb25ed5660a271d5b14ce
CLIENT_HANDSHAKE_TRAFFIC_SECRET cf323e2effeac35d2fbfacebf6518cf328f4d28cd81b21fdf3b93ae6ed3fbf2d 5d5a827683e89df3f68bed8eeb693071a13760c92801ce9294a224005eb754a5
SERVER_HANDSHAKE_TRAFFIC_SECRET cf323e2effeac35d2fbfacebf6518cf328f4d28cd81b21fdf3b93ae6ed3fbf2d 2fe2a4782f0ea2109e31987fec167dbc4cae3033c8d812ebeb7603f3bc11763c
CLIENT_TRAFFIC_SECRET_0 cf323e2effeac35d2fbfacebf6518cf328f4d28cd81b21fdf3b93ae6ed3fbf2d b7cd2f8b95ca84e37606feea47d817b2cc9d8dd5d7c995186fa0f3b9536d2ced
SERVER_TRAFFIC_SECRET_0 cf323e2effeac35d2fbfacebf6518cf328f4d28cd81b21fdf3b93ae6ed3fbf2d c7c7ad4e66356c6753a11a568111da73bcaa83a4796247f8452ba5711c46372a
EXPORTER_SECRET cf323e2effeac35d2fbfacebf6518cf328f4d28cd81b21fdf3b93ae6ed3fbf2d 5a5ed7241e93b60bee91359b4e79447a822853ca613103a3e7f918bd310b65dc
CLIENT_RANDOM 8543f176bd5ed471935861846df423d63ad8e359d9b09ad8567f5cf74615dade 5dbdf22c1e9c4edcee18016d2161f2f646f9ccdb8f1402a550a43cad4900fa7e49ba523f0ebc06824cdee139a1cda13f
CLIENT_RANDOM 453a891f6c776f954fe5169177ec6bb843cb29d6ec80408b53bdcae8c41ead22 8aa9b24699bf1b8f30e172e5dbbebcb577a9646d2985f73a693136db845aca516ac14147c66899812f6ebd31de8b2d2d
CLIENT_HANDSHAKE_TRAFFIC_SECRET ffb530654e18fbee1791e6e7c228547dd08d301b36cc66be970a266fb7583f56 03db4561f6d00d2b3b9edb62c3f4f08213fbae387e93263c2046680ce81921ff
SERVER_HANDSHAKE_TRAFFIC_SECRET ffb530654e18fbee1791e6e7c228547dd08d301b36cc66be970a266fb7583f56 b27675d9c737b400f21ec0602b2c26f541b8c1e853f92c385cba44478e502c0b
CLIENT_TRAFFIC_SECRET_0 ffb530654e18fbee1791e6e7c228547dd08d301b36cc66be970a266fb7583f56 4c7c400fed162e2ce65301665311c0335d4b42ebccd18c6e709378cf7715f2a4
SERVER_TRAFFIC_SECRET_0 ffb530654e18fbee1791e6e7c228547dd08d301b36cc66be970a266fb7583f56 6eecb0c124ca8097dc501b65f0aba074dd5b6dd984dc6e3ec6f954a4bf8774f6
EXPORTER_SECRET ffb530654e18fbee1791e6e7c228547dd08d301b36cc66be970a266fb7583f56 8c2d4e3334315814742a33d35901a60310dfa8b17a2b5f1028874d14f0a68c5e
CLIENT_HANDSHAKE_TRAFFIC_SECRET dc827b388242f94ca5b05dd3eef2b0c1e78000a528cd8b54a9a356949cbbcf0c 9eb54fbb61ab2eca3c3fef100d80afa1ca5b5f7b33c1fa59a1da6c7163a5bf7e
SERVER_HANDSHAKE_TRAFFIC_SECRET dc827b388242f94ca5b05dd3eef2b0c1e78000a528cd8b54a9a356949cbbcf0c 115e1dfb074878df0f9aec623d4bff66dff138d39f35240fc6a128fad2f4964d
CLIENT_TRAFFIC_SECRET_0 dc827b388242f94ca5b05dd3eef2b0c1e78000a528cd8b54a9a356949cbbcf0c 97a8ad902f76534609f8280dc893f457c73b21bed6728abb8e5da0b556d52d3e
SERVER_TRAFFIC_SECRET_0 dc827b388242f94ca5b05dd3eef2b0c1e78000a528cd8b54a9a356949cbbcf0c ac41d33718077157a99a8762124fa446b220d12007dc09117b0350735e19e811
EXPORTER_SECRET dc827b388242f94ca5b05dd3eef2b0c1e78000a528cd8b54a9a356949cbbcf0c d7daab4a94b4b477629dd0a6feec11e64fcb5919de83d2aa6dd254a52319113d
CLIENT_RANDOM e23549cc4cd682ae532e7815e814c84f53b155a619876dd57fbd665189d897bc a5c42fe2384c33bfdf4a5b71deb191f3c0ab03a64f4ca8d4f53912379ae934174dae281838cea82f9639f938014d02cb
CLIENT_HANDSHAKE_TRAFFIC_SECRET e9cbf383b2f490c02d06739df4031d14d3039866fe67d4ce6067910d66b29576 edff564b315062a08a7586800aba6603972c03d9a5529ae4931424133b15efb8
SERVER_HANDSHAKE_TRAFFIC_SECRET e9cbf383b2f490c02d06739df4031d14d3039866fe67d4ce6067910d66b29576 8b10e5e466b7e388af67e0f1a950eba6efc4a71de88fde0a0f2eb5a7d33051ac
CLIENT_TRAFFIC_SECRET_0 e9cbf383b2f490c02d06739df4031d14d3039866fe67d4ce6067910d66b29576 a39e1c7215fb7c721e3b258defe7720d5e1726866866715e1368167bdbfd59b0
SERVER_TRAFFIC_SECRET_0 e9cbf383b2f490c02d06739df4031d14d3039866fe67d4ce6067910d66b29576 8d70a40e62bbdac883f3e73cfbc4e857c587e8052d21ac7bbb07f74c80922aba
EXPORTER_SECRET e9cbf383b2f490c02d06739df4031d14d3039866fe67d4ce6067910d66b29576 38a2cfcf8e72b08d10135cfac32e631d01cdc47d8aa81cbea92f630ab1dc7e39
CLIENT_HANDSHAKE_TRAFFIC_SECRET 6a9ac8b7c45aeab4dff65e0df95cc35aa0e8ca4016b3dfcecb2e2377098812c6 055991e42f5091f9f920b8feea1523f73302cacf53765527ed584631fde5107c
SERVER_HANDSHAKE_TRAFFIC_SECRET 6a9ac8b7c45aeab4dff65e0df95cc35aa0e8ca4016b3dfcecb2e2377098812c6 a426418ff622e27f8a258c93d8c13879478deb414a6f8b48aeeed7a70781f6c3
CLIENT_TRAFFIC_SECRET_0 6a9ac8b7c45aeab4dff65e0df95cc35aa0e8ca4016b3dfcecb2e2377098812c6 a1a90186647c82f589d8fbd07acd0598cd0cadaf26961b71584e2cc01caae904
SERVER_TRAFFIC_SECRET_0 6a9ac8b7c45aeab4dff65e0df95cc35aa0e8ca4016b3dfcecb2e2377098812c6 2dc312f38717a04448ced175145c2a79c8cca3705cff140d96faca4f7c3cba17
EXPORTER_SECRET 6a9ac8b7c45aeab4dff65e0df95cc35aa0e8ca4016b3dfcecb2e2377098812c6 18b83ff06e1fd5b8eba5fd2afc3d027300c94fd135bd7ac15d25d90383ea0794
CLIENT_HANDSHAKE_TRAFFIC_SECRET 53bae217f527da3c58ca26c76e93b76527e0965a5afc6bae5ea6bf6909705485 7b7145061305ee3120f0a780e23fc203d20144c15558a0d9b8b5e318b3bf4de8d02cae9112b1fc0b3a1d8e652a0325ef
SERVER_HANDSHAKE_TRAFFIC_SECRET 53bae217f527da3c58ca26c76e93b76527e0965a5afc6bae5ea6bf6909705485 8f9999362b2fe4b1b476c6b35933ca1472e7ae28faf5fea8015cef2b321dc4e42e6d6fc04c49c97a976966679e617cb4
CLIENT_TRAFFIC_SECRET_0 53bae217f527da3c58ca26c76e93b76527e0965a5afc6bae5ea6bf6909705485 de2b7d2bb909d48a8c51131c381408a3780cf41fe607376526e52bae428264dfb2511c42f3a499f0cc47c983bee47dc3
SERVER_TRAFFIC_SECRET_0 53bae217f527da3c58ca26c76e93b76527e0965a5afc6bae5ea6bf6909705485 87fbc32d069618921da951615d3f552688639d9272e8602c4acc6c5da6735ea1d5cbe97bbb566f33fd24718834265515
EXPORTER_SECRET 53bae217f527da3c58ca26c76e93b76527e0965a5afc6bae5ea6bf6909705485 9e1a02f5762a5ba56974ac5024c667fed9047926bb9b7f437ed89d20ea89e95c6ee3dd85cafb27f9482b112d8386293c
CLIENT_HANDSHAKE_TRAFFIC_SECRET 416f814d9a09e5585d5e1baafd3bcedae6c10b186c4c936cb716265326613bed 6cbe3efecde8d95a7fa4d4d57f345f4d1fcde67e1b4e5b92f43fbbd3cc86420603feca3f16663016674dc016b46bfaf8
SERVER_HANDSHAKE_TRAFFIC_SECRET 416f814d9a09e5585d5e1baafd3bcedae6c10b186c4c936cb716265326613bed c25df7bd9dc01280d4bb175b41135d296d8a7572dd76887f45123830a48e00df799742bd366909361936d92267b31aa6
CLIENT_TRAFFIC_SECRET_0 416f814d9a09e5585d5e1baafd3bcedae6c10b186c4c936cb716265326613bed f773e3ebd2c55eb28c000f72e0198685973e13f3b737cac355e8c4190e0fa4fcc0a8dd81ca457fa64b626045a4dcfa77
SERVER_TRAFFIC_SECRET_0 416f814d9a09e5585d5e1baafd3bcedae6c10b186c4c936cb716265326613bed 347716f4548638d34f781ce130b3056abb03e96e2ff5e9a0b8ff8e0f42ba069f1199c8eb18b0da2365b3a96943ac7e7e
EXPORTER_SECRET 416f814d9a09e5585d5e1baafd3bcedae6c10b186c4c936cb716265326613bed 17fead5d77441184694b84fcfbaf749870d209762e1cf78e24c494c49b80ff55343996fc41be79d0dfb0508bbed2f0ac
CLIENT_RANDOM 69addc4b67a018a03150f294fadd970fce658afc874767bad1562e92cc81989e a5c42fe2384c33bfdf4a5b71deb191f3c0ab03a64f4ca8d4f53912379ae934174dae281838cea82f9639f938014d02cb
CLIENT_HANDSHAKE_TRAFFIC_SECRET f9fbcb2ee7ada809d01f08499b5c1b76d58a89959178dcf891c200ad01d1723c d99bd10e47ded1d054a64adbcf7d8b219023c200171b8a27e3b0f27e754c8cc9
SERVER_HANDSHAKE_TRAFFIC_SECRET f9fbcb2ee7ada809d01f08499b5c1b76d58a89959178dcf891c200ad01d1723c bb31574781d4b58d5ec160943ec1bc0655772f5f0d8fdb16d51826ba2ab6bd11
CLIENT_TRAFFIC_SECRET_0 f9fbcb2ee7ada809d01f08499b5c1b76d58a89959178dcf891c200ad01d1723c 2e03e789968665170e405cfa8a6e90a6301bf72404556401ab76aa5165144847
SERVER_TRAFFIC_SECRET_0 f9fbcb2ee7ada809d01f08499b5c1b76d58a89959178dcf891c200ad01d1723c fc64c59abcf2fd6a205fd81bc47694ceed425ca08095a0245f1fa330f27640ac
EXPORTER_SECRET f9fbcb2ee7ada809d01f08499b5c1b76d58a89959178dcf891c200ad01d1723c f212736d01e5458803feb13733cdcc36d92238268240693d337887ba747fc910
CLIENT_HANDSHAKE_TRAFFIC_SECRET fdd2489c253c778fe1d96ac525dcef7fff3fa6549443d60507a4c4386b592739 61d0fca4cb6a6ba6f08b2d96c3b5b217665b7c9392afe9154cc6fea4fdf749d3
SERVER_HANDSHAKE_TRAFFIC_SECRET fdd2489c253c778fe1d96ac525dcef7fff3fa6549443d60507a4c4386b592739 263d5abfaf1797c1af297f12c3e7d617274d2023efb5be014259bf25eca6ddaa
CLIENT_TRAFFIC_SECRET_0 fdd2489c253c778fe1d96ac525dcef7fff3fa6549443d60507a4c4386b592739 fcb5586d9c73e216b71164e5c04d6f08fa8353efe0fb3d9f9d6a769ac0b835db
SERVER_TRAFFIC_SECRET_0 fdd2489c253c778fe1d96ac525dcef7fff3fa6549443d60507a4c4386b592739 fef2af7bcba9b0deaed0336641fc9a526f83f5ac2634dfc641d9eb4d0eb97f75
EXPORTER_SECRET fdd2489c253c778fe1d96ac525dcef7fff3fa6549443d60507a4c4386b592739 0dfaeb63c9d119c5a05ebde046547c07f9ab4d77e6d19e492e2fb5aae9befd4e
CLIENT_RANDOM 6604b3f7b67c01d03fbeb5ef68ca5b014a2370491d1caed2851922aa34de5f04 be30c1c61752757770f28cf9120b2e6f6ebd2fabf711461a3e86ecb1a6d1da194c0fe3b72c3ebead5f99576acd7df52d
CLIENT_RANDOM fc1c7f5bf01225f330328b2b18346145bfc720b5b16f7558af324865fb311b8e de92b1cce4ea3b4ddcb1b03da24487e6cea27d91d8e0975a3787196014502b207aefdbe0b045d7d2dad7700742711f67
CLIENT_HANDSHAKE_TRAFFIC_SECRET 4dbf710deb1370057054f8e80c0a7c2f743e6fb87e7a72d0ca7dd46a52bb60d7 931f30dc651272b7a6f1d3ee842db183ddecd3b7e7f0ea3b2f652770f1e4df10
SERVER_HANDSHAKE_TRAFFIC_SECRET 4dbf710deb1370057054f8e80c0a7c2f743e6fb87e7a72d0ca7dd46a52bb60d7 3b1e788103ee47da6703e65e5f12e39a7a3c5943eeb82a52ecea2db8d244a403
CLIENT_TRAFFIC_SECRET_0 4dbf710deb1370057054f8e80c0a7c2f743e6fb87e7a72d0ca7dd46a52bb60d7 049c9bbb0b3fa6174d18c904abd22ac32e749d98eb559490d5b66174da3cf1a6
SERVER_TRAFFIC_SECRET_0 4dbf710deb1370057054f8e80c0a7c2f743e6fb87e7a72d0ca7dd46a52bb60d7 0071c2e2d3308615525e6404056ec87f0bb312c78e82d6ea474d39d45fe2b8c7
EXPORTER_SECRET 4dbf710deb1370057054f8e80c0a7c2f743e6fb87e7a72d0ca7dd46a52bb60d7 deb200d0e15d80559a113ada0af33eec3964ad5a09fa4a468dc4275397ae6760
CLIENT_RANDOM 09af37a9d370d60de016698ec4984194e0a5cf146114ed9d6f7bda57731b8fd0 8cc770021cef083d6cd65269d680b011ab6ca4866905511ed4f95f422c2eb59d062a420d7147f718733b79559b648f2b
CLIENT_HANDSHAKE_TRAFFIC_SECRET 241415631ca10f6af66ff3aaebd058c94442e863ebdec0873616b51ce534baa4 9cc1277449e6d46696b1ab4d82e4aa51372aac230588e5d2816bad9b6c3ff7ab
SERVER_HANDSHAKE_TRAFFIC_SECRET 241415631ca10f6af66ff3aaebd058c94442e863ebdec0873616b51ce534baa4 b48aad3916b19162af404a354951ec04be584f0e03240f304e96b45c5a87dc3a
CLIENT_TRAFFIC_SECRET_0 241415631ca10f6af66ff3aaebd058c94442e863ebdec0873616b51ce534baa4 1a6e89fd5d5de97016b6c40c82a19ea0adbdc5817c10b7edeee93c940a745e14
SERVER_TRAFFIC_SECRET_0 241415631ca10f6af66ff3aaebd058c94442e863ebdec0873616b51ce534baa4 522feca58d8e5854e24c8893d0c0942e013b1bfdda13c912146994798fbd97da
EXPORTER_SECRET 241415631ca10f6af66ff3aaebd058c94442e863ebdec0873616b51ce534baa4 e674d6b3be70383e23d8a26b1f36772f4fbb3286797a376be781db768054e1b4
CLIENT_HANDSHAKE_TRAFFIC_SECRET e56c8e87cefcc45aacbe8fc67dc311d3deff2495e9ecac9dc36c88060eeb667a b8d16cf01e2dc614dd383b1308b47f204870903923a4be8f8da9c85f6cb3d02c
SERVER_HANDSHAKE_TRAFFIC_SECRET e56c8e87cefcc45aacbe8fc67dc311d3deff2495e9ecac9dc36c88060eeb667a 6048b800b69962bad0dbc65a8f6f16e40a248c1c428a635c5b72c2b71f74df36
CLIENT_TRAFFIC_SECRET_0 e56c8e87cefcc45aacbe8fc67dc311d3deff2495e9ecac9dc36c88060eeb667a d177072c527652ac81ed4272d866d12dc9eaf537442fac67911f0156b8b1b9f4
SERVER_TRAFFIC_SECRET_0 e56c8e87cefcc45aacbe8fc67dc311d3deff2495e9ecac9dc36c88060eeb667a d29d3f3d6b43f23e71a3e99e5447d4fca09d20721910c8fa5a5a5eff1437698d
EXPORTER_SECRET e56c8e87cefcc45aacbe8fc67dc311d3deff2495e9ecac9dc36c88060eeb667a 12b52429f746233e7594291e94a613c3ba9cbfa5da93c9dcdbcd802e9f016f2c
SERVER_HANDSHAKE_TRAFFIC_SECRET 621b6a14af766c01653d76bb15171cebe2a850e9f2e838aab334489bc63ecc1e 95ba61cb4403991711d307cade7cd3b1c9c87c5ec417c77deb84dce9b950afbb3d56119a9d76583f2815508db710a7d5
CLIENT_HANDSHAKE_TRAFFIC_SECRET 621b6a14af766c01653d76bb15171cebe2a850e9f2e838aab334489bc63ecc1e c63b6617c9924c840404b72c64026bbcd5946c05be84a8ed9caeb15f40695f46121d5588f9b533cbb698a96bd08055ea
EXPORTER_SECRET 621b6a14af766c01653d76bb15171cebe2a850e9f2e838aab334489bc63ecc1e 4399f0809351f9d0ae5ddafe0382c76d8779b9dfca0227bda23514d2b309ad27bd6ca37b8291fe754defee75605657e7
SERVER_TRAFFIC_SECRET_0 621b6a14af766c01653d76bb15171cebe2a850e9f2e838aab334489bc63ecc1e 42f181d1ef3065ae10a86c478b8a87bf56c89d55406333a1c6a4bb2ac15307599584f0dedb221168f483d27c09f93197
SERVER_HANDSHAKE_TRAFFIC_SECRET 621b6a14af766c01653d76bb15171cebe2a850e9f2e838aab334489bc63ecc1e 95ba61cb4403991711d307cade7cd3b1c9c87c5ec417c77deb84dce9b950afbb3d56119a9d76583f2815508db710a7d5
EXPORTER_SECRET 621b6a14af766c01653d76bb15171cebe2a850e9f2e838aab334489bc63ecc1e 4399f0809351f9d0ae5ddafe0382c76d8779b9dfca0227bda23514d2b309ad27bd6ca37b8291fe754defee75605657e7
SERVER_TRAFFIC_SECRET_0 621b6a14af766c01653d76bb15171cebe2a850e9f2e838aab334489bc63ecc1e 42f181d1ef3065ae10a86c478b8a87bf56c89d55406333a1c6a4bb2ac15307599584f0dedb221168f483d27c09f93197
CLIENT_HANDSHAKE_TRAFFIC_SECRET 621b6a14af766c01653d76bb15171cebe2a850e9f2e838aab334489bc63ecc1e c63b6617c9924c840404b72c64026bbcd5946c05be84a8ed9caeb15f40695f46121d5588f9b533cbb698a96bd08055ea
CLIENT_TRAFFIC_SECRET_0 621b6a14af766c01653d76bb15171cebe2a850e9f2e838aab334489bc63ecc1e 32d445c06552f550f69eec8db5d5c4629356a9ecb659b39b74c1200a4a6f43a962b82a326224beb729307e66db141bc1
CLIENT_TRAFFIC_SECRET_0 621b6a14af766c01653d76bb15171cebe2a850e9f2e838aab334489bc63ecc1e 32d445c06552f550f69eec8db5d5c4629356a9ecb659b39b74c1200a4a6f43a962b82a326224beb729307e66db141bc1
SERVER_HANDSHAKE_TRAFFIC_SECRET 35f5ed787a06828a88092182c58ce7ec943f6258408043446ea87a2313c4065e 05c06daa9b87bd7e6b088c26a03b340ac8c9cdde12208c57441f1516b16962a35a3ee32cfad6d293dc63de4d8ee2b8da
CLIENT_HANDSHAKE_TRAFFIC_SECRET 35f5ed787a06828a88092182c58ce7ec943f6258408043446ea87a2313c4065e 3db2f8798ee2bef2cd67cb74067ff36e8c5f269e4e73edad6e2f5d88f6270ef16008d17db1ad1755277cbfbbccd22ff4
EXPORTER_SECRET 35f5ed787a06828a88092182c58ce7ec943f6258408043446ea87a2313c4065e 655c055e33c430d772f8758337724f0642a8c3642e19bf0f115eb07b3fac80cf5ecc8ece42e175b4060b8da24c1eeeac
SERVER_TRAFFIC_SECRET_0 35f5ed787a06828a88092182c58ce7ec943f6258408043446ea87a2313c4065e 7417828e7c7d6996abe43541f1fd25e360dc76a535d0dd24ea88c94866fa8a2ae69894e3b451fbea9717cbfa10d30bc5
SERVER_HANDSHAKE_TRAFFIC_SECRET 35f5ed787a06828a88092182c58ce7ec943f6258408043446ea87a2313c4065e 05c06daa9b87bd7e6b088c26a03b340ac8c9cdde12208c57441f1516b16962a35a3ee32cfad6d293dc63de4d8ee2b8da
EXPORTER_SECRET 35f5ed787a06828a88092182c58ce7ec943f6258408043446ea87a2313c4065e 655c055e33c430d772f8758337724f0642a8c3642e19bf0f115eb07b3fac80cf5ecc8ece42e175b4060b8da24c1eeeac
SERVER_TRAFFIC_SECRET_0 35f5ed787a06828a88092182c58ce7ec943f6258408043446ea87a2313c4065e 7417828e7c7d6996abe43541f1fd25e360dc76a535d0dd24ea88c94866fa8a2ae69894e3b451fbea9717cbfa10d30bc5
CLIENT_HANDSHAKE_TRAFFIC_SECRET 35f5ed787a06828a88092182c58ce7ec943f6258408043446ea87a2313c4065e 3db2f8798ee2bef2cd67cb74067ff36e8c5f269e4e73edad6e2f5d88f6270ef16008d17db1ad1755277cbfbbccd22ff4
CLIENT_TRAFFIC_SECRET_0 35f5ed787a06828a88092182c58ce7ec943f6258408043446ea87a2313c4065e f465b56865c42af3b7eb23ef7155a6e48837b36cab186508607bee6d65ceec5a52256557a6fadd8b3e272f19b1fc3a5b
CLIENT_TRAFFIC_SECRET_0 35f5ed787a06828a88092182c58ce7ec943f6258408043446ea87a2313c4065e f465b56865c42af3b7eb23ef7155a6e48837b36cab186508607bee6d65ceec5a52256557a6fadd8b3e272f19b1fc3a5b
SERVER_HANDSHAKE_TRAFFIC_SECRET 21a852f4a7517c65974c57f0131864ac941059640214efffebdc7d1c378a148a 99f38db6cc44b614db660cb66a79fbbad5175694308d87e578e7127f6ece25e82ad94cbea56178fa673226952d59f528
CLIENT_HANDSHAKE_TRAFFIC_SECRET 21a852f4a7517c65974c57f0131864ac941059640214efffebdc7d1c378a148a 65320daef681393851c4ff2c9aa74776483ac5a1146016c438b4402456a04d37cec78eb5704835601b56d1ff85e0b6d1
EXPORTER_SECRET 21a852f4a7517c65974c57f0131864ac941059640214efffebdc7d1c378a148a d4881c54cee996fe3aa7056c0dc86b5904c8c103a7778d8988e8a2bf56dc1dda05423d2bffba142e6bbea335779512ec
SERVER_TRAFFIC_SECRET_0 21a852f4a7517c65974c57f0131864ac941059640214efffebdc7d1c378a148a c6639559b0d7631a3a784958f6fe567f2c4554b94c494a56400e5d4ea169415d7b7e6418996a81effc1395ec25342274
SERVER_HANDSHAKE_TRAFFIC_SECRET 21a852f4a7517c65974c57f0131864ac941059640214efffebdc7d1c378a148a 99f38db6cc44b614db660cb66a79fbbad5175694308d87e578e7127f6ece25e82ad94cbea56178fa673226952d59f528
EXPORTER_SECRET 21a852f4a7517c65974c57f0131864ac941059640214efffebdc7d1c378a148a d4881c54cee996fe3aa7056c0dc86b5904c8c103a7778d8988e8a2bf56dc1dda05423d2bffba142e6bbea335779512ec
SERVER_TRAFFIC_SECRET_0 21a852f4a7517c65974c57f0131864ac941059640214efffebdc7d1c378a148a c6639559b0d7631a3a784958f6fe567f2c4554b94c494a56400e5d4ea169415d7b7e6418996a81effc1395ec25342274
CLIENT_HANDSHAKE_TRAFFIC_SECRET 21a852f4a7517c65974c57f0131864ac941059640214efffebdc7d1c378a148a 65320daef681393851c4ff2c9aa74776483ac5a1146016c438b4402456a04d37cec78eb5704835601b56d1ff85e0b6d1
CLIENT_TRAFFIC_SECRET_0 21a852f4a7517c65974c57f0131864ac941059640214efffebdc7d1c378a148a 0247faf2c40c8d88150840120d4291139e346469ad75077a700745b362391c453a0e8e2e1485663cf48d4d5e98c28177
CLIENT_TRAFFIC_SECRET_0 21a852f4a7517c65974c57f0131864ac941059640214efffebdc7d1c378a148a 0247faf2c40c8d88150840120d4291139e346469ad75077a700745b362391c453a0e8e2e1485663cf48d4d5e98c28177
SERVER_HANDSHAKE_TRAFFIC_SECRET 0b4cd5b0f20b584541545c47c0c4ded549308383ea8bca0b59fa365c9a811dee 4298cc289d0525a5164c26d70b78112aabff7efacff72409a2f1647b33ea50f211fcee6986f6c828507c7c6f5b21b2d3
CLIENT_HANDSHAKE_TRAFFIC_SECRET 0b4cd5b0f20b584541545c47c0c4ded549308383ea8bca0b59fa365c9a811dee aa536773c66091733d5b7925477b9e911d464c925e1540b2be13ef40cc919ceef31bcfba5abf2c9f9f846fd964f2c22e
EXPORTER_SECRET 0b4cd5b0f20b584541545c47c0c4ded549308383ea8bca0b59fa365c9a811dee af6b050bef3cb50bd50e91a9e983f302141632a88d31d37e295e8365ea81c36a8c867d3bbcf963e7a528887dbff1d3c3
SERVER_TRAFFIC_SECRET_0 0b4cd5b0f20b584541545c47c0c4ded549308383ea8bca0b59fa365c9a811dee c75695816be3c7dc28dc4f65600674ed5a1576c20b8c78d10230b6867e682cf75cd1f176e1101dc1ccb7a41eacc0860a
SERVER_HANDSHAKE_TRAFFIC_SECRET 0b4cd5b0f20b584541545c47c0c4ded549308383ea8bca0b59fa365c9a811dee 4298cc289d0525a5164c26d70b78112aabff7efacff72409a2f1647b33ea50f211fcee6986f6c828507c7c6f5b21b2d3
EXPORTER_SECRET 0b4cd5b0f20b584541545c47c0c4ded549308383ea8bca0b59fa365c9a811dee af6b050bef3cb50bd50e91a9e983f302141632a88d31d37e295e8365ea81c36a8c867d3bbcf963e7a528887dbff1d3c3
SERVER_TRAFFIC_SECRET_0 0b4cd5b0f20b584541545c47c0c4ded549308383ea8bca0b59fa365c9a811dee c75695816be3c7dc28dc4f65600674ed5a1576c20b8c78d10230b6867e682cf75cd1f176e1101dc1ccb7a41eacc0860a
CLIENT_HANDSHAKE_TRAFFIC_SECRET 0b4cd5b0f20b584541545c47c0c4ded549308383ea8bca0b59fa365c9a811dee aa536773c66091733d5b7925477b9e911d464c925e1540b2be13ef40cc919ceef31bcfba5abf2c9f9f846fd964f2c22e
CLIENT_TRAFFIC_SECRET_0 0b4cd5b0f20b584541545c47c0c4ded549308383ea8bca0b59fa365c9a811dee 0fc6d0109c22b896f6c4050316c6bc75409c6211071010a7d08d388b7c000d0f009921f406274e264cb5681182d90ff0
CLIENT_TRAFFIC_SECRET_0 0b4cd5b0f20b584541545c47c0c4ded549308383ea8bca0b59fa365c9a811dee 0fc6d0109c22b896f6c4050316c6bc75409c6211071010a7d08d388b7c000d0f009921f406274e264cb5681182d90ff0
SERVER_HANDSHAKE_TRAFFIC_SECRET c69e74e6af89b5d8bdf094bf75ecb52ee9c25542d99511b5163d9eebf669bbc1 cddd7fc284972d0e3751cf3dab7659f1864fc8a323daf7c5e2fa5938104454c90a857141e37df8a0792a2d4bab17f855
CLIENT_HANDSHAKE_TRAFFIC_SECRET c69e74e6af89b5d8bdf094bf75ecb52ee9c25542d99511b5163d9eebf669bbc1 b91f13f585e415b1901e21e5091dda2376767b11dc1ce00d3cb174ab9f6153fbf68dd7a90ef4233b4ed999f9afde6500
EXPORTER_SECRET c69e74e6af89b5d8bdf094bf75ecb52ee9c25542d99511b5163d9eebf669bbc1 ee70e61aa077bf36265c7d81f06f2913a3e02f7848ff7e6afc6f83735d8c3174d0f8d22df357ac5340e6cff890e4c2b0
SERVER_TRAFFIC_SECRET_0 c69e74e6af89b5d8bdf094bf75ecb52ee9c25542d99511b5163d9eebf669bbc1 0866bcdf4e9f7b7a95ab71bf7a2a8657af8e2107bb918323acbe85249001872e7c5555a09935e62b9185e5d64ba7bd72
SERVER_HANDSHAKE_TRAFFIC_SECRET c69e74e6af89b5d8bdf094bf75ecb52ee9c25542d99511b5163d9eebf669bbc1 cddd7fc284972d0e3751cf3dab7659f1864fc8a323daf7c5e2fa5938104454c90a857141e37df8a0792a2d4bab17f855
EXPORTER_SECRET c69e74e6af89b5d8bdf094bf75ecb52ee9c25542d99511b5163d9eebf669bbc1 ee70e61aa077bf36265c7d81f06f2913a3e02f7848ff7e6afc6f83735d8c3174d0f8d22df357ac5340e6cff890e4c2b0
SERVER_TRAFFIC_SECRET_0 c69e74e6af89b5d8bdf094bf75ecb52ee9c25542d99511b5163d9eebf669bbc1 0866bcdf4e9f7b7a95ab71bf7a2a8657af8e2107bb918323acbe85249001872e7c5555a09935e62b9185e5d64ba7bd72
CLIENT_HANDSHAKE_TRAFFIC_SECRET c69e74e6af89b5d8bdf094bf75ecb52ee9c25542d99511b5163d9eebf669bbc1 b91f13f585e415b1901e21e5091dda2376767b11dc1ce00d3cb174ab9f6153fbf68dd7a90ef4233b4ed999f9afde6500
CLIENT_TRAFFIC_SECRET_0 c69e74e6af89b5d8bdf094bf75ecb52ee9c25542d99511b5163d9eebf669bbc1 c30c548ed3536ba45c9801e5c4ba7bb5c725663d57b9ccbd206f723f93205d20ae58046227394bbd4d46894e914ff197
CLIENT_TRAFFIC_SECRET_0 c69e74e6af89b5d8bdf094bf75ecb52ee9c25542d99511b5163d9eebf669bbc1 c30c548ed3536ba45c9801e5c4ba7bb5c725663d57b9ccbd206f723f93205d20ae58046227394bbd4d46894e914ff197
SERVER_HANDSHAKE_TRAFFIC_SECRET b89c4260e75cb1dc2573d2303b01a3a73b78f872ba454bf54810069879c1c32e 6655817e2dd176807487574d792f3a65ce1c5fe9ca2174349385924f210cb9600e2d7b1f8a0c1625fc60f500a50590c3
CLIENT_HANDSHAKE_TRAFFIC_SECRET b89c4260e75cb1dc2573d2303b01a3a73b78f872ba454bf54810069879c1c32e b0d14464754ad5669cebc2541a077453bd3e7658534de990f3be47a1b99271d00bdaa6dc1bcf213ef84af9c73a18cc15
EXPORTER_SECRET b89c4260e75cb1dc2573d2303b01a3a73b78f872ba454bf54810069879c1c32e 544becc4fa67627d1bca513580c9b6a586de30f5f1ce40386f0a2090197b2e3a6976b6b1f94c087f5991d28aa535d281
SERVER_TRAFFIC_SECRET_0 b89c4260e75cb1dc2573d2303b01a3a73b78f872ba454bf54810069879c1c32e ff22a65c0f9fc315166a71e2e22c6ea194cb292cd90329ce0b471e7a817f9f74882b3a8d7b7699500e96db1b5d4e1fc5
SERVER_HANDSHAKE_TRAFFIC_SECRET b89c4260e75cb1dc2573d2303b01a3a73b78f872ba454bf54810069879c1c32e 6655817e2dd176807487574d792f3a65ce1c5fe9ca2174349385924f210cb9600e2d7b1f8a0c1625fc60f500a50590c3
EXPORTER_SECRET b89c4260e75cb1dc2573d2303b01a3a73b78f872ba454bf54810069879c1c32e 544becc4fa67627d1bca513580c9b6a586de30f5f1ce40386f0a2090197b2e3a6976b6b1f94c087f5991d28aa535d281
SERVER_TRAFFIC_SECRET_0 b89c4260e75cb1dc2573d2303b01a3a73b78f872ba454bf54810069879c1c32e ff22a65c0f9fc315166a71e2e22c6ea194cb292cd90329ce0b471e7a817f9f74882b3a8d7b7699500e96db1b5d4e1fc5
CLIENT_HANDSHAKE_TRAFFIC_SECRET b89c4260e75cb1dc2573d2303b01a3a73b78f872ba454bf54810069879c1c32e b0d14464754ad5669cebc2541a077453bd3e7658534de990f3be47a1b99271d00bdaa6dc1bcf213ef84af9c73a18cc15
CLIENT_TRAFFIC_SECRET_0 b89c4260e75cb1dc2573d2303b01a3a73b78f872ba454bf54810069879c1c32e 9a3514a111986d84441bdc48295c6df0b1e45b58f17c38ad15087db59122e710b0824515aba7c8fbf167d8c95a46f915
CLIENT_TRAFFIC_SECRET_0 b89c4260e75cb1dc2573d2303b01a3a73b78f872ba454bf54810069879c1c32e 9a3514a111986d84441bdc48295c6df0b1e45b58f17c38ad15087db59122e710b0824515aba7c8fbf167d8c95a46f915
SERVER_HANDSHAKE_TRAFFIC_SECRET b8760bd29514b9e2d329e129ecdc54bcf722df73a2c6a3b3ffc32a3dd778ad92 edd97def1e6126daa8c20034a590af96d9464e6a443e98c089fe32774b0195dff6aa2dd6f57d8374cdda47703851d7f6
CLIENT_HANDSHAKE_TRAFFIC_SECRET b8760bd29514b9e2d329e129ecdc54bcf722df73a2c6a3b3ffc32a3dd778ad92 c201dd840573e545b881e0d97376948721589201484c41e68b57d86312f60a1b39fd14a0de7f6177fc78aa3a6f963f5a
EXPORTER_SECRET b8760bd29514b9e2d329e129ecdc54bcf722df73a2c6a3b3ffc32a3dd778ad92 cb3596c47110f5a31f1a6db2a0f35b7875d5d0ada57635832e5e97ae775a059ad2a5aee8d8e5fe9c065e0855154b8b53
SERVER_TRAFFIC_SECRET_0 b8760bd29514b9e2d329e129ecdc54bcf722df73a2c6a3b3ffc32a3dd778ad92 ef255cfa4e5449e5066b98ce129db236b52fc14f1aa4d1303344130c26dd001c163e5657a576b9786b91da9d0b9198b4
SERVER_HANDSHAKE_TRAFFIC_SECRET b8760bd29514b9e2d329e129ecdc54bcf722df73a2c6a3b3ffc32a3dd778ad92 edd97def1e6126daa8c20034a590af96d9464e6a443e98c089fe32774b0195dff6aa2dd6f57d8374cdda47703851d7f6
EXPORTER_SECRET b8760bd29514b9e2d329e129ecdc54bcf722df73a2c6a3b3ffc32a3dd778ad92 cb3596c47110f5a31f1a6db2a0f35b7875d5d0ada57635832e5e97ae775a059ad2a5aee8d8e5fe9c065e0855154b8b53
SERVER_TRAFFIC_SECRET_0 b8760bd29514b9e2d329e129ecdc54bcf722df73a2c6a3b3ffc32a3dd778ad92 ef255cfa4e5449e5066b98ce129db236b52fc14f1aa4d1303344130c26dd001c163e5657a576b9786b91da9d0b9198b4
CLIENT_HANDSHAKE_TRAFFIC_SECRET b8760bd29514b9e2d329e129ecdc54bcf722df73a2c6a3b3ffc32a3dd778ad92 c201dd840573e545b881e0d97376948721589201484c41e68b57d86312f60a1b39fd14a0de7f6177fc78aa3a6f963f5a
CLIENT_TRAFFIC_SECRET_0 b8760bd29514b9e2d329e129ecdc54bcf722df73a2c6a3b3ffc32a3dd778ad92 123cc45b1f73d20b8ab4f2ce7f6cc9fdfb1f797f4c62ff4cba869ce657e153d8c36131c21d5407349b9fbf21f990972d
CLIENT_TRAFFIC_SECRET_0 b8760bd29514b9e2d329e129ecdc54bcf722df73a2c6a3b3ffc32a3dd778ad92 123cc45b1f73d20b8ab4f2ce7f6cc9fdfb1f797f4c62ff4cba869ce657e153d8c36131c21d5407349b9fbf21f990972d
SERVER_HANDSHAKE_TRAFFIC_SECRET 6ff624a88e6e60a816f38c5d281157dcf90384ffd723aba536188a35af63b3de f4f7ef08c0a076c4a96b3008ed471d3eaaf89acc4d57ade03b61d07a881a6747abe0eb335d623e531b82a21259cb01fd
CLIENT_HANDSHAKE_TRAFFIC_SECRET 6ff624a88e6e60a816f38c5d281157dcf90384ffd723aba536188a35af63b3de c0067a6af337a34b39a626990e0dfdb8fbe97ddf29fde43319dcdddf611e65ef29d366e860682174a7cf5c7af413388b
EXPORTER_SECRET 6ff624a88e6e60a816f38c5d281157dcf90384ffd723aba536188a35af63b3de d106fd84f157b9a607284e2bbc25de7bef608bde21ab3210d669f56d094e9fe1c68804f94ad5bdc76c02a6df9841fb46
SERVER_TRAFFIC_SECRET_0 6ff624a88e6e60a816f38c5d281157dcf90384ffd723aba536188a35af63b3de 85dec92553ae5dee7e41a6d031210b608ec208a0c5520175ae35db671a54ae8398b54951775870d3a5eeccd904a778f9
SERVER_HANDSHAKE_TRAFFIC_SECRET 6ff624a88e6e60a816f38c5d281157dcf90384ffd723aba536188a35af63b3de f4f7ef08c0a076c4a96b3008ed471d3eaaf89acc4d57ade03b61d07a881a6747abe0eb335d623e531b82a21259cb01fd
EXPORTER_SECRET 6ff624a88e6e60a816f38c5d281157dcf90384ffd723aba536188a35af63b3de d106fd84f157b9a607284e2bbc25de7bef608bde21ab3210d669f56d094e9fe1c68804f94ad5bdc76c02a6df9841fb46
SERVER_TRAFFIC_SECRET_0 6ff624a88e6e60a816f38c5d281157dcf90384ffd723aba536188a35af63b3de 85dec92553ae5dee7e41a6d031210b608ec208a0c5520175ae35db671a54ae8398b54951775870d3a5eeccd904a778f9
CLIENT_HANDSHAKE_TRAFFIC_SECRET 6ff624a88e6e60a816f38c5d281157dcf90384ffd723aba536188a35af63b3de c0067a6af337a34b39a626990e0dfdb8fbe97ddf29fde43319dcdddf611e65ef29d366e860682174a7cf5c7af413388b
CLIENT_TRAFFIC_SECRET_0 6ff624a88e6e60a816f38c5d281157dcf90384ffd723aba536188a35af63b3de 72170c68298b305aacaa963218ce97027708260ceb518302992f3ddb8463a1c88f04e2e822a190db19587d4515d062d9
CLIENT_TRAFFIC_SECRET_0 6ff624a88e6e60a816f38c5d281157dcf90384ffd723aba536188a35af63b3de 72170c68298b305aacaa963218ce97027708260ceb518302992f3ddb8463a1c88f04e2e822a190db19587d4515d062d9
SERVER_HANDSHAKE_TRAFFIC_SECRET d59ed490f62b83c6611c743b6703972d302351449adc28cb9e9eb7d5968abb38 f9c3452e16a7b7934865ffd941f1d96b2ad8b3b470381587bc3762c7c6a277de54a9a069c4ea3153d246b02adadacd5d
CLIENT_HANDSHAKE_TRAFFIC_SECRET d59ed490f62b83c6611c743b6703972d302351449adc28cb9e9eb7d5968abb38 54d0f85612d0015c4d617c5799dc58ab86fdf2cf8878f3c00bfab9f7654fd6b857eaade4aa2087083936406ced5a8891
EXPORTER_SECRET d59ed490f62b83c6611c743b6703972d302351449adc28cb9e9eb7d5968abb38 72919973437ca992cf64624a8255ece5f93453c953ca3ede2339da3751f43f58a3cd43f377fee812914eddbdace8ccf4
SERVER_TRAFFIC_SECRET_0 d59ed490f62b83c6611c743b6703972d302351449adc28cb9e9eb7d5968abb38 74c1d4aaf1981d6e090dd20807bfe305988b19cf19d1331737dfc79513fa847a3f8272b1d7c6715f7877bf9a41b681f8
SERVER_HANDSHAKE_TRAFFIC_SECRET d59ed490f62b83c6611c743b6703972d302351449adc28cb9e9eb7d5968abb38 f9c3452e16a7b7934865ffd941f1d96b2ad8b3b470381587bc3762c7c6a277de54a9a069c4ea3153d246b02adadacd5d
EXPORTER_SECRET d59ed490f62b83c6611c743b6703972d302351449adc28cb9e9eb7d5968abb38 72919973437ca992cf64624a8255ece5f93453c953ca3ede2339da3751f43f58a3cd43f377fee812914eddbdace8ccf4
SERVER_TRAFFIC_SECRET_0 d59ed490f62b83c6611c743b6703972d302351449adc28cb9e9eb7d5968abb38 74c1d4aaf1981d6e090dd20807bfe305988b19cf19d1331737dfc79513fa847a3f8272b1d7c6715f7877bf9a41b681f8
CLIENT_HANDSHAKE_TRAFFIC_SECRET d59ed490f62b83c6611c743b6703972d302351449adc28cb9e9eb7d5968abb38 54d0f85612d0015c4d617c5799dc58ab86fdf2cf8878f3c00bfab9f7654fd6b857eaade4aa2087083936406ced5a8891
CLIENT_TRAFFIC_SECRET_0 d59ed490f62b83c6611c743b6703972d302351449adc28cb9e9eb7d5968abb38 428bc47040f6909b4e5d930259d034693ac3f564895a6c5550bf2a417ae8783e098a6a6d76fc631c4d0dfbaaa2ef99a9
CLIENT_TRAFFIC_SECRET_0 d59ed490f62b83c6611c743b6703972d302351449adc28cb9e9eb7d5968abb38 428bc47040f6909b4e5d930259d034693ac3f564895a6c5550bf2a417ae8783e098a6a6d76fc631c4d0dfbaaa2ef99a9
SERVER_HANDSHAKE_TRAFFIC_SECRET 851f0add5c8a8babe4f0095e7283d8fa8b1bbad038d0983ca23361b58e5e198a d0e3b23224b327d53ba25a46e833b5072312a1fb3ca4183dd643351fdd2fc095d0a4e9812b60cc83100bd206a167b61a
CLIENT_HANDSHAKE_TRAFFIC_SECRET 851f0add5c8a8babe4f0095e7283d8fa8b1bbad038d0983ca23361b58e5e198a 78a048bdf256b655c5524114408cb594d40bf4cb9cc1e6a4ebfd936a60eee0135fa388a042d8fa769f67f8b50b3cf9da
EXPORTER_SECRET 851f0add5c8a8babe4f0095e7283d8fa8b1bbad038d0983ca23361b58e5e198a 91d2ff237b84d951f0224ab1f87b83e09782b329252317552b5bc8d94638b921c606c2594c47039efaceea61ed53d040
SERVER_TRAFFIC_SECRET_0 851f0add5c8a8babe4f0095e7283d8fa8b1bbad038d0983ca23361b58e5e198a 2f1984141793e1e6bfb8f9c9b28f8ed9d1b21d2f5390e73aa9d32b3b064ded6a506f8d219d0cfe7195f69472dde7f0ef
SERVER_HANDSHAKE_TRAFFIC_SECRET 851f0add5c8a8babe4f0095e7283d8fa8b1bbad038d0983ca23361b58e5e198a d0e3b23224b327d53ba25a46e833b5072312a1fb3ca4183dd643351fdd2fc095d0a4e9812b60cc83100bd206a167b61a
EXPORTER_SECRET 851f0add5c8a8babe4f0095e7283d8fa8b1bbad038d0983ca23361b58e5e198a 91d2ff237b84d951f0224ab1f87b83e09782b329252317552b5bc8d94638b921c606c2594c47039efaceea61ed53d040
SERVER_TRAFFIC_SECRET_0 851f0add5c8a8babe4f0095e7283d8fa8b1bbad038d0983ca23361b58e5e198a 2f1984141793e1e6bfb8f9c9b28f8ed9d1b21d2f5390e73aa9d32b3b064ded6a506f8d219d0cfe7195f69472dde7f0ef
CLIENT_HANDSHAKE_TRAFFIC_SECRET 851f0add5c8a8babe4f0095e7283d8fa8b1bbad038d0983ca23361b58e5e198a 78a048bdf256b655c5524114408cb594d40bf4cb9cc1e6a4ebfd936a60eee0135fa388a042d8fa769f67f8b50b3cf9da
CLIENT_TRAFFIC_SECRET_0 851f0add5c8a8babe4f0095e7283d8fa8b1bbad038d0983ca23361b58e5e198a ccb8164d0b923b4241b8d932ef532a0daa840bdbcfbf812f0ad4deec2bad1dc7aa15e09bc8b2e14c2eb784e83a77f98f
CLIENT_TRAFFIC_SECRET_0 851f0add5c8a8babe4f0095e7283d8fa8b1bbad038d0983ca23361b58e5e198a ccb8164d0b923b4241b8d932ef532a0daa840bdbcfbf812f0ad4deec2bad1dc7aa15e09bc8b2e14c2eb784e83a77f98f
SERVER_HANDSHAKE_TRAFFIC_SECRET be8d5cf901fbfa055faca3ab8f8a93e37aba3d3e82dccf3537ab16e394efdca1 90afb01f24f659ac7ea63f64b78456979c4af5b55992ec68049742f842c8b290c8a9d863a9c25ad57085f98b8893908a
CLIENT_HANDSHAKE_TRAFFIC_SECRET be8d5cf901fbfa055faca3ab8f8a93e37aba3d3e82dccf3537ab16e394efdca1 564a91e1006cf89b2252dba8a15f28e7f43aaff82d999bbf1c9a70a8d2134a0563a49d5d7b7c19c1b5790973986b8b50
EXPORTER_SECRET be8d5cf901fbfa055faca3ab8f8a93e37aba3d3e82dccf3537ab16e394efdca1 1ef5b0faf727f7a65d93c6f2763458dda4601b682abcb481264a1b900a44eb43516eeeb40cd36974f29f2b939ec59cf5
SERVER_TRAFFIC_SECRET_0 be8d5cf901fbfa055faca3ab8f8a93e37aba3d3e82dccf3537ab16e394efdca1 2659c6a5c2bf52cbc5c5b1e3a0cf27e5fd8fc4bd2f1fd2e8a89810caa2daebd2cc35dcc5095e5bade5aed74300c1aed6
SERVER_HANDSHAKE_TRAFFIC_SECRET be8d5cf901fbfa055faca3ab8f8a93e37aba3d3e82dccf3537ab16e394efdca1 90afb01f24f659ac7ea63f64b78456979c4af5b55992ec68049742f842c8b290c8a9d863a9c25ad57085f98b8893908a
EXPORTER_SECRET be8d5cf901fbfa055faca3ab8f8a93e37aba3d3e82dccf3537ab16e394efdca1 1ef5b0faf727f7a65d93c6f2763458dda4601b682abcb481264a1b900a44eb43516eeeb40cd36974f29f2b939ec59cf5
SERVER_TRAFFIC_SECRET_0 be8d5cf901fbfa055faca3ab8f8a93e37aba3d3e82dccf3537ab16e394efdca1 2659c6a5c2bf52cbc5c5b1e3a0cf27e5fd8fc4bd2f1fd2e8a89810caa2daebd2cc35dcc5095e5bade5aed74300c1aed6
CLIENT_HANDSHAKE_TRAFFIC_SECRET be8d5cf901fbfa055faca3ab8f8a93e37aba3d3e82dccf3537ab16e394efdca1 564a91e1006cf89b2252dba8a15f28e7f43aaff82d999bbf1c9a70a8d2134a0563a49d5d7b7c19c1b5790973986b8b50
CLIENT_TRAFFIC_SECRET_0 be8d5cf901fbfa055faca3ab8f8a93e37aba3d3e82dccf3537ab16e394efdca1 cea7acf7b4bb37d1f8da4bd8404c52698cbc97e7102d943f36266e8004d3746484c3d133929b97d9397b092fd51ceb33
CLIENT_TRAFFIC_SECRET_0 be8d5cf901fbfa055faca3ab8f8a93e37aba3d3e82dccf3537ab16e394efdca1 cea7acf7b4bb37d1f8da4bd8404c52698cbc97e7102d943f36266e8004d3746484c3d133929b97d9397b092fd51ceb33
SERVER_HANDSHAKE_TRAFFIC_SECRET 23731190e75d53d2cd05b995af3c328adee34aa7ddda6e6deda7f7ed31c2e8dc 0878854d6ebccc4c05d5a7ff47badbae25a73adcb5bd2307c3db1627133b78a88e95c934b3e2457c98684e8dff6fe27d
CLIENT_HANDSHAKE_TRAFFIC_SECRET 23731190e75d53d2cd05b995af3c328adee34aa7ddda6e6deda7f7ed31c2e8dc 85368374c4970bcdb033979d623afc0d0d4073c364f5a4fa4b3254e193601f8e0b630513d4d3f9369bc54ff3a9cb9113
EXPORTER_SECRET 23731190e75d53d2cd05b995af3c328adee34aa7ddda6e6deda7f7ed31c2e8dc 05652e9e801b77e94da74f65ecc76b058a69b320554763399253c3bcfdd335021598af6e593982cfb0427f3b52db08a8
SERVER_TRAFFIC_SECRET_0 23731190e75d53d2cd05b995af3c328adee34aa7ddda6e6deda7f7ed31c2e8dc 3246d57b9b7c2d91fdc7d0c05a92641330758e055b0cf1b97cfd7ad36eb1fcff653f2ffd49d27d14a32718919dd42202
SERVER_HANDSHAKE_TRAFFIC_SECRET 23731190e75d53d2cd05b995af3c328adee34aa7ddda6e6deda7f7ed31c2e8dc 0878854d6ebccc4c05d5a7ff47badbae25a73adcb5bd2307c3db1627133b78a88e95c934b3e2457c98684e8dff6fe27d
EXPORTER_SECRET 23731190e75d53d2cd05b995af3c328adee34aa7ddda6e6deda7f7ed31c2e8dc 05652e9e801b77e94da74f65ecc76b058a69b320554763399253c3bcfdd335021598af6e593982cfb0427f3b52db08a8
SERVER_TRAFFIC_SECRET_0 23731190e75d53d2cd05b995af3c328adee34aa7ddda6e6deda7f7ed31c2e8dc 3246d57b9b7c2d91fdc7d0c05a92641330758e055b0cf1b97cfd7ad36eb1fcff653f2ffd49d27d14a32718919dd42202
CLIENT_HANDSHAKE_TRAFFIC_SECRET 23731190e75d53d2cd05b995af3c328adee34aa7ddda6e6deda7f7ed31c2e8dc 85368374c4970bcdb033979d623afc0d0d4073c364f5a4fa4b3254e193601f8e0b630513d4d3f9369bc54ff3a9cb9113
CLIENT_TRAFFIC_SECRET_0 23731190e75d53d2cd05b995af3c328adee34aa7ddda6e6deda7f7ed31c2e8dc f900ac63af01adc34e31d6f5e101c707904469e91f83c5b344a753f4837d53c8a9cc0eae98032411abb1116c545dd724
CLIENT_TRAFFIC_SECRET_0 23731190e75d53d2cd05b995af3c328adee34aa7ddda6e6deda7f7ed31c2e8dc f900ac63af01adc34e31d6f5e101c707904469e91f83c5b344a753f4837d53c8a9cc0eae98032411abb1116c545dd724
SERVER_HANDSHAKE_TRAFFIC_SECRET 1eb6efb20c64d0771e26eab612924d100abb6cedc79ff21fd9b8a278cfcd5b73 b12d155972f80d9514108eaa940dc8cb5c1ef9747e3d38d5ad384242b99fd79fcc02c97136d24803f98861dcdd9e2f24
CLIENT_HANDSHAKE_TRAFFIC_SECRET 1eb6efb20c64d0771e26eab612924d100abb6cedc79ff21fd9b8a278cfcd5b73 66c254e4840986c2259dcd438879edd25f0a7a0f9fd6fa2a3f37a6466f0427bf170a35a1b2f7c5f0e4f4b69e77be3e64
EXPORTER_SECRET 1eb6efb20c64d0771e26eab612924d100abb6cedc79ff21fd9b8a278cfcd5b73 75ea7589fd99bc7fe09fc17be4b26322b50a695288f276150ce5a610c752c5fa40b59c767015cfc5e889232bdafd250b
SERVER_TRAFFIC_SECRET_0 1eb6efb20c64d0771e26eab612924d100abb6cedc79ff21fd9b8a278cfcd5b73 e6fd7e17201ad437869a492ead0c83f22a947a05a7609ec8b9a2745ee638a757e9a75da7cfe8dbc29e53147592c381dd
SERVER_HANDSHAKE_TRAFFIC_SECRET 1eb6efb20c64d0771e26eab612924d100abb6cedc79ff21fd9b8a278cfcd5b73 b12d155972f80d9514108eaa940dc8cb5c1ef9747e3d38d5ad384242b99fd79fcc02c97136d24803f98861dcdd9e2f24
EXPORTER_SECRET 1eb6efb20c64d0771e26eab612924d100abb6cedc79ff21fd9b8a278cfcd5b73 75ea7589fd99bc7fe09fc17be4b26322b50a695288f276150ce5a610c752c5fa40b59c767015cfc5e889232bdafd250b
SERVER_TRAFFIC_SECRET_0 1eb6efb20c64d0771e26eab612924d100abb6cedc79ff21fd9b8a278cfcd5b73 e6fd7e17201ad437869a492ead0c83f22a947a05a7609ec8b9a2745ee638a757e9a75da7cfe8dbc29e53147592c381dd
CLIENT_HANDSHAKE_TRAFFIC_SECRET 1eb6efb20c64d0771e26eab612924d100abb6cedc79ff21fd9b8a278cfcd5b73 66c254e4840986c2259dcd438879edd25f0a7a0f9fd6fa2a3f37a6466f0427bf170a35a1b2f7c5f0e4f4b69e77be3e64
CLIENT_TRAFFIC_SECRET_0 1eb6efb20c64d0771e26eab612924d100abb6cedc79ff21fd9b8a278cfcd5b73 f5802e7f1aec1a41dd604e2855508a61a26d649dce297ced4e2f7e9c6928a78c50f21ce7601ab774556a2ebcd9fce025
CLIENT_TRAFFIC_SECRET_0 1eb6efb20c64d0771e26eab612924d100abb6cedc79ff21fd9b8a278cfcd5b73 f5802e7f1aec1a41dd604e2855508a61a26d649dce297ced4e2f7e9c6928a78c50f21ce7601ab774556a2ebcd9fce025
SERVER_HANDSHAKE_TRAFFIC_SECRET 5077e5b1b7aaf77bf125485353e9c64ad97b2a4c33924e952259b7187815aed7 b7b94695108d7c76e602f089b5cf406ba14455dabfdfb876dce7e3d482da714a04a215526dee9c2678c8c57b2668d3b5
CLIENT_HANDSHAKE_TRAFFIC_SECRET 5077e5b1b7aaf77bf125485353e9c64ad97b2a4c33924e952259b7187815aed7 b174b839f58fe4bd3793f55890c29d3e52ce9edd2ed07ce0ae12065da93cfdb7e4a35574e06c1348c5015dc9f9a0448a
EXPORTER_SECRET 5077e5b1b7aaf77bf125485353e9c64ad97b2a4c33924e952259b7187815aed7 d66d9630ba5eb0360b494191a621c626f1654c6248bf51d8abe2c530f3c15cc3dc1195b27ef36e7fac896eb689ea63b0
SERVER_TRAFFIC_SECRET_0 5077e5b1b7aaf77bf125485353e9c64ad97b2a4c33924e952259b7187815aed7 c7e934b98082d242d221f967ec3e3a9690198d27418eadd6cfab505866824e00ae5d922c2c9c4dd68c77071cfc244a12
SERVER_HANDSHAKE_TRAFFIC_SECRET 5077e5b1b7aaf77bf125485353e9c64ad97b2a4c33924e952259b7187815aed7 b7b94695108d7c76e602f089b5cf406ba14455dabfdfb876dce7e3d482da714a04a215526dee9c2678c8c57b2668d3b5
EXPORTER_SECRET 5077e5b1b7aaf77bf125485353e9c64ad97b2a4c33924e952259b7187815aed7 d66d9630ba5eb0360b494191a621c626f1654c6248bf51d8abe2c530f3c15cc3dc1195b27ef36e7fac896eb689ea63b0
SERVER_TRAFFIC_SECRET_0 5077e5b1b7aaf77bf125485353e9c64ad97b2a4c33924e952259b7187815aed7 c7e934b98082d242d221f967ec3e3a9690198d27418eadd6cfab505866824e00ae5d922c2c9c4dd68c77071cfc244a12
CLIENT_HANDSHAKE_TRAFFIC_SECRET 5077e5b1b7aaf77bf125485353e9c64ad97b2a4c33924e952259b7187815aed7 b174b839f58fe4bd3793f55890c29d3e52ce9edd2ed07ce0ae12065da93cfdb7e4a35574e06c1348c5015dc9f9a0448a
CLIENT_TRAFFIC_SECRET_0 5077e5b1b7aaf77bf125485353e9c64ad97b2a4c33924e952259b7187815aed7 715a7d906d4feccd3a5a4ca495b55a75258ab367036c6ec635d0c503178e3f4255013d0da0e9b3ecf1ac4fea7c06500e
CLIENT_TRAFFIC_SECRET_0 5077e5b1b7aaf77bf125485353e9c64ad97b2a4c33924e952259b7187815aed7 715a7d906d4feccd3a5a4ca495b55a75258ab367036c6ec635d0c503178e3f4255013d0da0e9b3ecf1ac4fea7c06500e
SERVER_HANDSHAKE_TRAFFIC_SECRET 5d672fd3c8362ba25a6bf8cf7e0d36ebe2c6404f0954fec68db570d8d6c02986 367a93bdaee73508cc2bea4daedaa792cfc042e9924640a8a4d1eca3e8c5da45e6604a258e0201520a5dbfb3bc0a6100
CLIENT_HANDSHAKE_TRAFFIC_SECRET 5d672fd3c8362ba25a6bf8cf7e0d36ebe2c6404f0954fec68db570d8d6c02986 420a2f8970eb57b862b03a6f429d4872d10567e6fc9761568ca930b5f9ecc25b787a98731f1bb487896218203593b2f3
EXPORTER_SECRET 5d672fd3c8362ba25a6bf8cf7e0d36ebe2c6404f0954fec68db570d8d6c02986 6b442831cf7338d0db7209301c1aa0d7bbd0e42f4b6d5b27fb1f819410e37ac1694d71f10aca9a381b26b978967e2978
SERVER_HANDSHAKE_TRAFFIC_SECRET 5d672fd3c8362ba25a6bf8cf7e0d36ebe2c6404f0954fec68db570d8d6c02986 367a93bdaee73508cc2bea4daedaa792cfc042e9924640a8a4d1eca3e8c5da45e6604a258e0201520a5dbfb3bc0a6100
SERVER_TRAFFIC_SECRET_0 5d672fd3c8362ba25a6bf8cf7e0d36ebe2c6404f0954fec68db570d8d6c02986 4bc5ed8f9db20aec581cf654eaab8817ba4f57876e7107fb70b0c5004fa82067ab7ea57edad270aefca1e516a50a40da
EXPORTER_SECRET 5d672fd3c8362ba25a6bf8cf7e0d36ebe2c6404f0954fec68db570d8d6c02986 6b442831cf7338d0db7209301c1aa0d7bbd0e42f4b6d5b27fb1f819410e37ac1694d71f10aca9a381b26b978967e2978
SERVER_TRAFFIC_SECRET_0 5d672fd3c8362ba25a6bf8cf7e0d36ebe2c6404f0954fec68db570d8d6c02986 4bc5ed8f9db20aec581cf654eaab8817ba4f57876e7107fb70b0c5004fa82067ab7ea57edad270aefca1e516a50a40da
CLIENT_HANDSHAKE_TRAFFIC_SECRET 5d672fd3c8362ba25a6bf8cf7e0d36ebe2c6404f0954fec68db570d8d6c02986 420a2f8970eb57b862b03a6f429d4872d10567e6fc9761568ca930b5f9ecc25b787a98731f1bb487896218203593b2f3
CLIENT_TRAFFIC_SECRET_0 5d672fd3c8362ba25a6bf8cf7e0d36ebe2c6404f0954fec68db570d8d6c02986 91f526bd56846d26f04b56a4e16a1e59a1a3f3c0d87614fee0c6396e02b0fc158e1bba5bf2a4ea29fac6388fa981986e
CLIENT_TRAFFIC_SECRET_0 5d672fd3c8362ba25a6bf8cf7e0d36ebe2c6404f0954fec68db570d8d6c02986 91f526bd56846d26f04b56a4e16a1e59a1a3f3c0d87614fee0c6396e02b0fc158e1bba5bf2a4ea29fac6388fa981986e
SERVER_HANDSHAKE_TRAFFIC_SECRET 519d585b4044361f4787d5e73883f548c61fa8b62892b250a56183d03455322a 58a31f15347f8e0213cc1e26b7d36f25fbd19a7cd4f73e56b785a31062a6792a24da6924a8cde2f9b9fa920d2d1b72b9
CLIENT_HANDSHAKE_TRAFFIC_SECRET 519d585b4044361f4787d5e73883f548c61fa8b62892b250a56183d03455322a 83cc9c8dff0dc0acf1e9e27088a831c9a7068ebe6384c22e3079c0e1be0377c91d11978774d84081383e2387d3c83ec4
EXPORTER_SECRET 519d585b4044361f4787d5e73883f548c61fa8b62892b250a56183d03455322a 4c3356c4a62eb87af7152428e59447ad9025ca94c7ba0c0119e0e48424a924bddfa027df2d62bb08923f6408e4c89183
SERVER_TRAFFIC_SECRET_0 519d585b4044361f4787d5e73883f548c61fa8b62892b250a56183d03455322a d638bd43086353632559f82937ea5151f029e2be9b290242c5b585a7d2a6eb6f381c23102790725ef11c9d03651a7da0
SERVER_HANDSHAKE_TRAFFIC_SECRET 519d585b4044361f4787d5e73883f548c61fa8b62892b250a56183d03455322a 58a31f15347f8e0213cc1e26b7d36f25fbd19a7cd4f73e56b785a31062a6792a24da6924a8cde2f9b9fa920d2d1b72b9
EXPORTER_SECRET 519d585b4044361f4787d5e73883f548c61fa8b62892b250a56183d03455322a 4c3356c4a62eb87af7152428e59447ad9025ca94c7ba0c0119e0e48424a924bddfa027df2d62bb08923f6408e4c89183
SERVER_TRAFFIC_SECRET_0 519d585b4044361f4787d5e73883f548c61fa8b62892b250a56183d03455322a d638bd43086353632559f82937ea5151f029e2be9b290242c5b585a7d2a6eb6f381c23102790725ef11c9d03651a7da0
CLIENT_HANDSHAKE_TRAFFIC_SECRET 519d585b4044361f4787d5e73883f548c61fa8b62892b250a56183d03455322a 83cc9c8dff0dc0acf1e9e27088a831c9a7068ebe6384c22e3079c0e1be0377c91d11978774d84081383e2387d3c83ec4
CLIENT_TRAFFIC_SECRET_0 519d585b4044361f4787d5e73883f548c61fa8b62892b250a56183d03455322a 3ba0e4b6f55b5444ccd9bf55bf8e4743f27696d4f13b3905deac5387633b28a3dc69d95fe1d364571812b89583b65182
CLIENT_TRAFFIC_SECRET_0 519d585b4044361f4787d5e73883f548c61fa8b62892b250a56183d03455322a 3ba0e4b6f55b5444ccd9bf55bf8e4743f27696d4f13b3905deac5387633b28a3dc69d95fe1d364571812b89583b65182
SERVER_HANDSHAKE_TRAFFIC_SECRET 1825bb93c2f78abe142b2768951acd38313280c24ba14db0417cbf58ced8ae27 3f3181815b6762b5bb2a37226c1f19e94c559115919c666f9548b2725f1ea0fa6bc2b9c1e8eb652cfc09ee5f22065fba
CLIENT_HANDSHAKE_TRAFFIC_SECRET 1825bb93c2f78abe142b2768951acd38313280c24ba14db0417cbf58ced8ae27 cea7084ec1216705c2ab13102b3d109529ef1804fd31c39da43897b2d76577a2b0392093a97a2a511217819418ef99dc
EXPORTER_SECRET 1825bb93c2f78abe142b2768951acd38313280c24ba14db0417cbf58ced8ae27 58d2a5397a17f3fd4f9ba6e0ca32e48c46446526220c8a6d91820e32967caecf308cae8ab17a7e1aecd6f62340eff8e3
SERVER_TRAFFIC_SECRET_0 1825bb93c2f78abe142b2768951acd38313280c24ba14db0417cbf58ced8ae27 c5612b249e91009fca8ca72eee77089546d13009c7e537afb1740b5b75f2387876e331b6af7fe74cb52ba553c1c006e7
SERVER_HANDSHAKE_TRAFFIC_SECRET 1825bb93c2f78abe142b2768951acd38313280c24ba14db0417cbf58ced8ae27 3f3181815b6762b5bb2a37226c1f19e94c559115919c666f9548b2725f1ea0fa6bc2b9c1e8eb652cfc09ee5f22065fba
EXPORTER_SECRET 1825bb93c2f78abe142b2768951acd38313280c24ba14db0417cbf58ced8ae27 58d2a5397a17f3fd4f9ba6e0ca32e48c46446526220c8a6d91820e32967caecf308cae8ab17a7e1aecd6f62340eff8e3
SERVER_TRAFFIC_SECRET_0 1825bb93c2f78abe142b2768951acd38313280c24ba14db0417cbf58ced8ae27 c5612b249e91009fca8ca72eee77089546d13009c7e537afb1740b5b75f2387876e331b6af7fe74cb52ba553c1c006e7
CLIENT_HANDSHAKE_TRAFFIC_SECRET 1825bb93c2f78abe142b2768951acd38313280c24ba14db0417cbf58ced8ae27 cea7084ec1216705c2ab13102b3d109529ef1804fd31c39da43897b2d76577a2b0392093a97a2a511217819418ef99dc
CLIENT_TRAFFIC_SECRET_0 1825bb93c2f78abe142b2768951acd38313280c24ba14db0417cbf58ced8ae27 a57c97f5fc095c0740fe75c338e4d7818404b8e7d479a39b6b150e9755c75df4431b1e973503ee528ffb819200896c67
CLIENT_TRAFFIC_SECRET_0 1825bb93c2f78abe142b2768951acd38313280c24ba14db0417cbf58ced8ae27 a57c97f5fc095c0740fe75c338e4d7818404b8e7d479a39b6b150e9755c75df4431b1e973503ee528ffb819200896c67
SERVER_HANDSHAKE_TRAFFIC_SECRET f499569f5aeed22f3c2f1b9b0d756413d595e241bdf392d35911d713369b836a 6405aba3a74da56a21050be22d33b3259eaece50cccf81c9740ee8926cb7654ff32556ecbe9a6d0a64d30ea94a3345d7
CLIENT_HANDSHAKE_TRAFFIC_SECRET f499569f5aeed22f3c2f1b9b0d756413d595e241bdf392d35911d713369b836a 74b9486653d23d607fd9553df6ad6363b526231a4b927074c5f8c4dd866c42a6685d6df980b819061ebf9fe61d7b2070
EXPORTER_SECRET f499569f5aeed22f3c2f1b9b0d756413d595e241bdf392d35911d713369b836a 57783de67612c752c6afa7ed94f324615d0c669ebac3c0e0c254edffb000f8c7895f4ded000896a96a2d59cdcd0fff8e
SERVER_TRAFFIC_SECRET_0 f499569f5aeed22f3c2f1b9b0d756413d595e241bdf392d35911d713369b836a 899db7f42c40d5413c3f9be240ffd92ff2e7dbaadadb49fb2f0d9088dfd10d8381d97fa4d27fca3844eba3816383b596
SERVER_HANDSHAKE_TRAFFIC_SECRET f499569f5aeed22f3c2f1b9b0d756413d595e241bdf392d35911d713369b836a 6405aba3a74da56a21050be22d33b3259eaece50cccf81c9740ee8926cb7654ff32556ecbe9a6d0a64d30ea94a3345d7
EXPORTER_SECRET f499569f5aeed22f3c2f1b9b0d756413d595e241bdf392d35911d713369b836a 57783de67612c752c6afa7ed94f324615d0c669ebac3c0e0c254edffb000f8c7895f4ded000896a96a2d59cdcd0fff8e
SERVER_TRAFFIC_SECRET_0 f499569f5aeed22f3c2f1b9b0d756413d595e241bdf392d35911d713369b836a 899db7f42c40d5413c3f9be240ffd92ff2e7dbaadadb49fb2f0d9088dfd10d8381d97fa4d27fca3844eba3816383b596
CLIENT_HANDSHAKE_TRAFFIC_SECRET f499569f5aeed22f3c2f1b9b0d756413d595e241bdf392d35911d713369b836a 74b9486653d23d607fd9553df6ad6363b526231a4b927074c5f8c4dd866c42a6685d6df980b819061ebf9fe61d7b2070
CLIENT_TRAFFIC_SECRET_0 f499569f5aeed22f3c2f1b9b0d756413d595e241bdf392d35911d713369b836a 23b54f06c07bb499d9021ca1f65a12348f8bbc06debf6cdaae227430b1227ec00f093ae3533fea6e3cb3cc99b32758e1
CLIENT_TRAFFIC_SECRET_0 f499569f5aeed22f3c2f1b9b0d756413d595e241bdf392d35911d713369b836a 23b54f06c07bb499d9021ca1f65a12348f8bbc06debf6cdaae227430b1227ec00f093ae3533fea6e3cb3cc99b32758e1
SERVER_HANDSHAKE_TRAFFIC_SECRET 565814d6174cb1ab6eed69fc999ea1e70ede79b07a891ed0399183296688f9ca 3065b026ea388b7cf4606af21a5697561d93709c59fdd2e99541f71932f5dce43039401b39fe711631adbf948b2e913e
CLIENT_HANDSHAKE_TRAFFIC_SECRET 565814d6174cb1ab6eed69fc999ea1e70ede79b07a891ed0399183296688f9ca bb30cd6ef44817b100a60189e294cad03f17390962e21499edc627f4837e4d24dc95a243295bc1dbeffbdb0ee2451e74
EXPORTER_SECRET 565814d6174cb1ab6eed69fc999ea1e70ede79b07a891ed0399183296688f9ca b3e73ededb1b39f6b47809a4d1fc94781ac7e459664269b2cddbc2e3ae85f59c2f4c4d965379cc02f1b9c83d5ad87680
SERVER_TRAFFIC_SECRET_0 565814d6174cb1ab6eed69fc999ea1e70ede79b07a891ed0399183296688f9ca 688c52fcc9f4009ff231f1184e3e946a0a4dbb703f43f0e5708b21003d201eb71ed9740d4f6f7bb1aca8d86e60c554a3
SERVER_HANDSHAKE_TRAFFIC_SECRET 565814d6174cb1ab6eed69fc999ea1e70ede79b07a891ed0399183296688f9ca 3065b026ea388b7cf4606af21a5697561d93709c59fdd2e99541f71932f5dce43039401b39fe711631adbf948b2e913e
EXPORTER_SECRET 565814d6174cb1ab6eed69fc999ea1e70ede79b07a891ed0399183296688f9ca b3e73ededb1b39f6b47809a4d1fc94781ac7e459664269b2cddbc2e3ae85f59c2f4c4d965379cc02f1b9c83d5ad87680
SERVER_TRAFFIC_SECRET_0 565814d6174cb1ab6eed69fc999ea1e70ede79b07a891ed0399183296688f9ca 688c52fcc9f4009ff231f1184e3e946a0a4dbb703f43f0e5708b21003d201eb71ed9740d4f6f7bb1aca8d86e60c554a3
CLIENT_HANDSHAKE_TRAFFIC_SECRET 565814d6174cb1ab6eed69fc999ea1e70ede79b07a891ed0399183296688f9ca bb30cd6ef44817b100a60189e294cad03f17390962e21499edc627f4837e4d24dc95a243295bc1dbeffbdb0ee2451e74
CLIENT_TRAFFIC_SECRET_0 565814d6174cb1ab6eed69fc999ea1e70ede79b07a891ed0399183296688f9ca 3f7fb19208af8ffbbfaf3f3d5886d3564eb31437d5bfef8ded17291a52011b9edab46d969ec7da069da758b0439684c1
CLIENT_TRAFFIC_SECRET_0 565814d6174cb1ab6eed69fc999ea1e70ede79b07a891ed0399183296688f9ca 3f7fb19208af8ffbbfaf3f3d5886d3564eb31437d5bfef8ded17291a52011b9edab46d969ec7da069da758b0439684c1
SERVER_HANDSHAKE_TRAFFIC_SECRET 3106c8cbb0fb97b2dcb5a9aed9cf9f27a6d5c6ad6f7225353ba91ba02c05666b 30082f10443cf8273fb7b477549c2a15e9870e0ded0c1701515a120d88645ee9b69daad0d161760dd886efb25d830045
CLIENT_HANDSHAKE_TRAFFIC_SECRET 3106c8cbb0fb97b2dcb5a9aed9cf9f27a6d5c6ad6f7225353ba91ba02c05666b d1433c35b5ddcb2efcc7a74bdf6357e86e5e62f39267bf647466b1a018d850a1a76c1d2809a240c3488f6f2832a1fca3
EXPORTER_SECRET 3106c8cbb0fb97b2dcb5a9aed9cf9f27a6d5c6ad6f7225353ba91ba02c05666b a2e68aec2c4e728c637f520f9291096cb1832be043825feb5b8de814eccfe62390a73fde814abd20d9034b3ff0cdc4a7
SERVER_TRAFFIC_SECRET_0 3106c8cbb0fb97b2dcb5a9aed9cf9f27a6d5c6ad6f7225353ba91ba02c05666b 7d1e65ac0e07570ab2c8692e23f03edceb6db6202394b51d4cd3d2659dc84a9f335bd446cefea46f70d8286bb36fd6d7
SERVER_HANDSHAKE_TRAFFIC_SECRET 3106c8cbb0fb97b2dcb5a9aed9cf9f27a6d5c6ad6f7225353ba91ba02c05666b 30082f10443cf8273fb7b477549c2a15e9870e0ded0c1701515a120d88645ee9b69daad0d161760dd886efb25d830045
EXPORTER_SECRET 3106c8cbb0fb97b2dcb5a9aed9cf9f27a6d5c6ad6f7225353ba91ba02c05666b a2e68aec2c4e728c637f520f9291096cb1832be043825feb5b8de814eccfe62390a73fde814abd20d9034b3ff0cdc4a7
SERVER_TRAFFIC_SECRET_0 3106c8cbb0fb97b2dcb5a9aed9cf9f27a6d5c6ad6f7225353ba91ba02c05666b 7d1e65ac0e07570ab2c8692e23f03edceb6db6202394b51d4cd3d2659dc84a9f335bd446cefea46f70d8286bb36fd6d7
CLIENT_HANDSHAKE_TRAFFIC_SECRET 3106c8cbb0fb97b2dcb5a9aed9cf9f27a6d5c6ad6f7225353ba91ba02c05666b d1433c35b5ddcb2efcc7a74bdf6357e86e5e62f39267bf647466b1a018d850a1a76c1d2809a240c3488f6f2832a1fca3
CLIENT_TRAFFIC_SECRET_0 3106c8cbb0fb97b2dcb5a9aed9cf9f27a6d5c6ad6f7225353ba91ba02c05666b c21deae6b08d20922061fe255ffcee84b007844826c3ab603735f3bf5709e7dfba00eb0e023363c014cc74c3b3113658
CLIENT_TRAFFIC_SECRET_0 3106c8cbb0fb97b2dcb5a9aed9cf9f27a6d5c6ad6f7225353ba91ba02c05666b c21deae6b08d20922061fe255ffcee84b007844826c3ab603735f3bf5709e7dfba00eb0e023363c014cc74c3b3113658
SERVER_HANDSHAKE_TRAFFIC_SECRET d8d190c361f5dac4738462736c8647a2eeb94609bb39c91b86d350f126495c78 d6166fab034e30608c374cc6c66389b45b3a4ed14659533e2f7cd8611987e07e1f69e68d7bcdc4f87525818c08b5d103
CLIENT_HANDSHAKE_TRAFFIC_SECRET d8d190c361f5dac4738462736c8647a2eeb94609bb39c91b86d350f126495c78 162183aee6ba6645560561af622eb63cfa3889c86ca2691b5a0da3d9ab9e348c31d85157fa16855254391d67e83b9909
EXPORTER_SECRET d8d190c361f5dac4738462736c8647a2eeb94609bb39c91b86d350f126495c78 eabb04944cef050ea0f7b4245c6ffae2de1fae98542a73838a60e20bfbde526189e633ef61f362cf745c55152584720e
SERVER_TRAFFIC_SECRET_0 d8d190c361f5dac4738462736c8647a2eeb94609bb39c91b86d350f126495c78 a3d88764bfa64b8ab05124e7d5581de9c3fe1356febb94a1271e234d491b4afc051e3a77435f8d7198228bf1cb368c2f
SERVER_HANDSHAKE_TRAFFIC_SECRET d8d190c361f5dac4738462736c8647a2eeb94609bb39c91b86d350f126495c78 d6166fab034e30608c374cc6c66389b45b3a4ed14659533e2f7cd8611987e07e1f69e68d7bcdc4f87525818c08b5d103
EXPORTER_SECRET d8d190c361f5dac4738462736c8647a2eeb94609bb39c91b86d350f126495c78 eabb04944cef050ea0f7b4245c6ffae2de1fae98542a73838a60e20bfbde526189e633ef61f362cf745c55152584720e
SERVER_TRAFFIC_SECRET_0 d8d190c361f5dac4738462736c8647a2eeb94609bb39c91b86d350f126495c78 a3d88764bfa64b8ab05124e7d5581de9c3fe1356febb94a1271e234d491b4afc051e3a77435f8d7198228bf1cb368c2f
CLIENT_HANDSHAKE_TRAFFIC_SECRET d8d190c361f5dac4738462736c8647a2eeb94609bb39c91b86d350f126495c78 162183aee6ba6645560561af622eb63cfa3889c86ca2691b5a0da3d9ab9e348c31d85157fa16855254391d67e83b9909
CLIENT_TRAFFIC_SECRET_0 d8d190c361f5dac4738462736c8647a2eeb94609bb39c91b86d350f126495c78 5c5b640a6d8d0cd61b984867ae4589e0932808e8dc4f099216a70079afbee4356ef338715078aee353f78d1d5279b617
CLIENT_TRAFFIC_SECRET_0 d8d190c361f5dac4738462736c8647a2eeb94609bb39c91b86d350f126495c78 5c5b640a6d8d0cd61b984867ae4589e0932808e8dc4f099216a70079afbee4356ef338715078aee353f78d1d5279b617
SERVER_HANDSHAKE_TRAFFIC_SECRET e867adb739b7ecf62c39be09df19516a7281eabe80bbca698f320a203c0130a8 2b404e6a81f7550a4b7b6e5200bf029ed193fe9b9aac387530ab01ed9b5e930d805f829a02ee35477048d94484cbfbc1
CLIENT_HANDSHAKE_TRAFFIC_SECRET e867adb739b7ecf62c39be09df19516a7281eabe80bbca698f320a203c0130a8 570c70df81dda622890e9c5eda298723e9a5294a403cace3c863d1863f3ca857e9c10a31196c04a3771c29d913379cd3
EXPORTER_SECRET e867adb739b7ecf62c39be09df19516a7281eabe80bbca698f320a203c0130a8 13c4165ea1c89467f74374b00bc3d001cdbd9e7d6d51bfe4c97e8e4e3aa195e1feca207a1e89fffb272cbb3abcf84ab3
SERVER_TRAFFIC_SECRET_0 e867adb739b7ecf62c39be09df19516a7281eabe80bbca698f320a203c0130a8 f82882ffa3c038e96b417685d709d1c399a4955ae5255c4c8834a3f975f6966ca2737d3d5266db9245c3f0adac4adc40
SERVER_HANDSHAKE_TRAFFIC_SECRET e867adb739b7ecf62c39be09df19516a7281eabe80bbca698f320a203c0130a8 2b404e6a81f7550a4b7b6e5200bf029ed193fe9b9aac387530ab01ed9b5e930d805f829a02ee35477048d94484cbfbc1
EXPORTER_SECRET e867adb739b7ecf62c39be09df19516a7281eabe80bbca698f320a203c0130a8 13c4165ea1c89467f74374b00bc3d001cdbd9e7d6d51bfe4c97e8e4e3aa195e1feca207a1e89fffb272cbb3abcf84ab3
SERVER_TRAFFIC_SECRET_0 e867adb739b7ecf62c39be09df19516a7281eabe80bbca698f320a203c0130a8 f82882ffa3c038e96b417685d709d1c399a4955ae5255c4c8834a3f975f6966ca2737d3d5266db9245c3f0adac4adc40
CLIENT_HANDSHAKE_TRAFFIC_SECRET e867adb739b7ecf62c39be09df19516a7281eabe80bbca698f320a203c0130a8 570c70df81dda622890e9c5eda298723e9a5294a403cace3c863d1863f3ca857e9c10a31196c04a3771c29d913379cd3
CLIENT_TRAFFIC_SECRET_0 e867adb739b7ecf62c39be09df19516a7281eabe80bbca698f320a203c0130a8 e579017d40e3120b230202f3b95720a75ec2ccd856631ab59f8147a000fdf1ed723cf9c8bbaa9bea4c90c613fce1a3f2
CLIENT_TRAFFIC_SECRET_0 e867adb739b7ecf62c39be09df19516a7281eabe80bbca698f320a203c0130a8 e579017d40e3120b230202f3b95720a75ec2ccd856631ab59f8147a000fdf1ed723cf9c8bbaa9bea4c90c613fce1a3f2
SERVER_HANDSHAKE_TRAFFIC_SECRET bf0c6f09ed70f6b84870193bb8826f9cefa0707bfa01848e1bcbfe0cb5011846 4d75f288ef712239d8ad8e14d5367703d0bc9e0f4071c3a116ffc026e88e17921a4dde1223abdb3bd9bc1ca7ff9c314a
CLIENT_HANDSHAKE_TRAFFIC_SECRET bf0c6f09ed70f6b84870193bb8826f9cefa0707bfa01848e1bcbfe0cb5011846 66fa5f26084291c5d77415a930f85b3737851c4e4ee88d56a6be59e089c0445932e04232e05f69ea5bf9c61cf10ba47c
EXPORTER_SECRET bf0c6f09ed70f6b84870193bb8826f9cefa0707bfa01848e1bcbfe0cb5011846 cdb8a901ec684398e0981acf950e96987b3f8fd69c68e4d436a26fa582c753dbd2ebcccd652addcf16e18db9df33fffb
SERVER_TRAFFIC_SECRET_0 bf0c6f09ed70f6b84870193bb8826f9cefa0707bfa01848e1bcbfe0cb5011846 943154eaf23d2a3d664562ce3e1c55ebd91c09b5044f043a6344debd0c30b8451476eb149553cb74623c74aa63485cd8
SERVER_HANDSHAKE_TRAFFIC_SECRET bf0c6f09ed70f6b84870193bb8826f9cefa0707bfa01848e1bcbfe0cb5011846 4d75f288ef712239d8ad8e14d5367703d0bc9e0f4071c3a116ffc026e88e17921a4dde1223abdb3bd9bc1ca7ff9c314a
EXPORTER_SECRET bf0c6f09ed70f6b84870193bb8826f9cefa0707bfa01848e1bcbfe0cb5011846 cdb8a901ec684398e0981acf950e96987b3f8fd69c68e4d436a26fa582c753dbd2ebcccd652addcf16e18db9df33fffb
SERVER_TRAFFIC_SECRET_0 bf0c6f09ed70f6b84870193bb8826f9cefa0707bfa01848e1bcbfe0cb5011846 943154eaf23d2a3d664562ce3e1c55ebd91c09b5044f043a6344debd0c30b8451476eb149553cb74623c74aa63485cd8
CLIENT_HANDSHAKE_TRAFFIC_SECRET bf0c6f09ed70f6b84870193bb8826f9cefa0707bfa01848e1bcbfe0cb5011846 66fa5f26084291c5d77415a930f85b3737851c4e4ee88d56a6be59e089c0445932e04232e05f69ea5bf9c61cf10ba47c
CLIENT_TRAFFIC_SECRET_0 bf0c6f09ed70f6b84870193bb8826f9cefa0707bfa01848e1bcbfe0cb5011846 275d5f67b8b9c75832f7f3aba9da726ac084394c1395f7f8b2990131ec57635f21086c321583e45c021f7e80f5d489ed
CLIENT_TRAFFIC_SECRET_0 bf0c6f09ed70f6b84870193bb8826f9cefa0707bfa01848e1bcbfe0cb5011846 275d5f67b8b9c75832f7f3aba9da726ac084394c1395f7f8b2990131ec57635f21086c321583e45c021f7e80f5d489ed
SERVER_HANDSHAKE_TRAFFIC_SECRET dc2e2d688c8ec623b56738124b4c6d4ab4c31f9cbaf23d456782b4594163e3ed 2290477952eba623e260bb566d11738e8c943c7018f40df79cf4d26b1e1f0e6ddfdb2117a641f272a79d04ad63b887ef
CLIENT_HANDSHAKE_TRAFFIC_SECRET dc2e2d688c8ec623b56738124b4c6d4ab4c31f9cbaf23d456782b4594163e3ed 75b249588522d77f55333db848a4afbc16c331654984fb051fc6b57093276e59c0614cffe89fbfca91b84730be57ef82
EXPORTER_SECRET dc2e2d688c8ec623b56738124b4c6d4ab4c31f9cbaf23d456782b4594163e3ed 33659bb1abe87f02644b0768eb82059f147855c2d569c2963e478ab3758cfbdedb8488ca3659e6fb9d3106f608dbaee8
SERVER_TRAFFIC_SECRET_0 dc2e2d688c8ec623b56738124b4c6d4ab4c31f9cbaf23d456782b4594163e3ed 781fa755c16bd078a2d68e921a826c735b47fdce23dc4073de79a05a1d2e85021201f4f0140d40a5bcb0388f21519037
SERVER_HANDSHAKE_TRAFFIC_SECRET dc2e2d688c8ec623b56738124b4c6d4ab4c31f9cbaf23d456782b4594163e3ed 2290477952eba623e260bb566d11738e8c943c7018f40df79cf4d26b1e1f0e6ddfdb2117a641f272a79d04ad63b887ef
EXPORTER_SECRET dc2e2d688c8ec623b56738124b4c6d4ab4c31f9cbaf23d456782b4594163e3ed 33659bb1abe87f02644b0768eb82059f147855c2d569c2963e478ab3758cfbdedb8488ca3659e6fb9d3106f608dbaee8
SERVER_TRAFFIC_SECRET_0 dc2e2d688c8ec623b56738124b4c6d4ab4c31f9cbaf23d456782b4594163e3ed 781fa755c16bd078a2d68e921a826c735b47fdce23dc4073de79a05a1d2e85021201f4f0140d40a5bcb0388f21519037
CLIENT_HANDSHAKE_TRAFFIC_SECRET dc2e2d688c8ec623b56738124b4c6d4ab4c31f9cbaf23d456782b4594163e3ed 75b249588522d77f55333db848a4afbc16c331654984fb051fc6b57093276e59c0614cffe89fbfca91b84730be57ef82
CLIENT_TRAFFIC_SECRET_0 dc2e2d688c8ec623b56738124b4c6d4ab4c31f9cbaf23d456782b4594163e3ed 5c021ed3fff52e61adb37705096734a2a71ce11bfd65cea7efedc52f79ee946f1f2024be2472d18a7f6d3c109ce37814
CLIENT_TRAFFIC_SECRET_0 dc2e2d688c8ec623b56738124b4c6d4ab4c31f9cbaf23d456782b4594163e3ed 5c021ed3fff52e61adb37705096734a2a71ce11bfd65cea7efedc52f79ee946f1f2024be2472d18a7f6d3c109ce37814
CLIENT_HANDSHAKE_TRAFFIC_SECRET 65c5c4336e8c4d45f0628c75f3da1eb0d2f6076d6767c5773fb3df00df940e40 f6b47c0db711a87b1f2028a3c97cbf056f1fda381537a213b925c73b9dd4dda0
SERVER_HANDSHAKE_TRAFFIC_SECRET 65c5c4336e8c4d45f0628c75f3da1eb0d2f6076d6767c5773fb3df00df940e40 406b9142150ce164ceecadcacaa68b2df04a1fa008c8cdfd09ba36cdcaa69bfd
CLIENT_TRAFFIC_SECRET_0 65c5c4336e8c4d45f0628c75f3da1eb0d2f6076d6767c5773fb3df00df940e40 5aee688da3159458cbec94be62492b1013fa401c5223b9f4089a65899cf78d62
SERVER_TRAFFIC_SECRET_0 65c5c4336e8c4d45f0628c75f3da1eb0d2f6076d6767c5773fb3df00df940e40 dfc0b45fdd7b3705febf274e463db27c1f6c1a6857decbcbef31572572867725
EXPORTER_SECRET 65c5c4336e8c4d45f0628c75f3da1eb0d2f6076d6767c5773fb3df00df940e40 de8c17b5e9f33be7afcfad59d2db61120db3c4321ba1a4e4a9809f5705439552
CLIENT_HANDSHAKE_TRAFFIC_SECRET a0c24fafa0d37d64946c51a2573e89d808e5720b3aaaa83300593e463d4b64b9 3334e39bd8d3168a11674e7543eaac5958cabd10ee01e7a19c9b2de20a64a20d
SERVER_HANDSHAKE_TRAFFIC_SECRET a0c24fafa0d37d64946c51a2573e89d808e5720b3aaaa83300593e463d4b64b9 ef203bb00057f63d368614e5ef55dc6fe1dae34ef1d7bd891ca83caeebcc48ea
CLIENT_TRAFFIC_SECRET_0 a0c24fafa0d37d64946c51a2573e89d808e5720b3aaaa83300593e463d4b64b9 781f1af173e981691733888d9dccfde5606445a9007c520fd330fec4cd081ce5
SERVER_TRAFFIC_SECRET_0 a0c24fafa0d37d64946c51a2573e89d808e5720b3aaaa83300593e463d4b64b9 b2eb248aab6a7f709d77d32916229014c428469cc35d80db6ace257aa679fcc7
EXPORTER_SECRET a0c24fafa0d37d64946c51a2573e89d808e5720b3aaaa83300593e463d4b64b9 2df24de20983f0ff075f3f94ac5b4ae4204b7b3fdfc9906093ef0888f76cf257
CLIENT_HANDSHAKE_TRAFFIC_SECRET 702cc773f92ffc4cfde1ea56ebf8093a63bbbf03dc2b559f9e6b0aa447436bfe ba86e20bb6d0c2b3ca5c2180f923e7f817420aeaa23a22008c58871aa1c57e17
SERVER_HANDSHAKE_TRAFFIC_SECRET 702cc773f92ffc4cfde1ea56ebf8093a63bbbf03dc2b559f9e6b0aa447436bfe 1efa17481e12ac4593c8192c79645164110c7eb37f6c329c518899d5609993f2
CLIENT_TRAFFIC_SECRET_0 702cc773f92ffc4cfde1ea56ebf8093a63bbbf03dc2b559f9e6b0aa447436bfe ffc74330c519955e674bb1489b1e01a9e442f215f6ae8891e8fdd060a13597d2
SERVER_TRAFFIC_SECRET_0 702cc773f92ffc4cfde1ea56ebf8093a63bbbf03dc2b559f9e6b0aa447436bfe 6fe4f71345e339f9987df0e52a274048d81ffed41609191c1cc6814731ac6974
EXPORTER_SECRET 702cc773f92ffc4cfde1ea56ebf8093a63bbbf03dc2b559f9e6b0aa447436bfe 666157111179301eb788a98fe46afa5afcfd0bf021a157989d56da1848227a07
